{
"contracts/Book.sol":{"l":{"34":274,"35":274,"37":274,"43":274,"48":57,"53":6,"55":6,"56":1,"59":5,"63":2,"68":13,"69":12,"71":10,"72":10,"73":10,"74":10,"76":10},"path":"/Users/marti/Documents/a/Blockchain/Group12/blockchain/contracts/Book.sol","s":{"1":274,"2":274,"3":274,"4":57,"5":6,"6":6,"7":1,"8":5,"9":2,"10":13,"11":12,"12":10,"13":10},"b":{"1":[1,5],"2":[12,1],"3":[10,2]},"f":{"1":466,"2":274,"3":57,"4":6,"5":2,"6":13},"fnMap":{"1":{"name":"constructor","line":30,"loc":{"start":{"line":30,"column":4},"end":{"line":30,"column":54}}},"2":{"name":"_registerBook","line":33,"loc":{"start":{"line":33,"column":4},"end":{"line":44,"column":4}}},"3":{"name":"getBookData","line":47,"loc":{"start":{"line":47,"column":4},"end":{"line":49,"column":4}}},"4":{"name":"getBookRating","line":52,"loc":{"start":{"line":52,"column":4},"end":{"line":60,"column":4}}},"5":{"name":"hasRatedBook","line":62,"loc":{"start":{"line":62,"column":4},"end":{"line":64,"column":4}}},"6":{"name":"_addRating","line":67,"loc":{"start":{"line":67,"column":4},"end":{"line":77,"column":4}}}},"statementMap":{"1":{"start":{"line":34,"column":8},"end":{"line":34,"column":30}},"2":{"start":{"line":35,"column":8},"end":{"line":35,"column":42}},"3":{"start":{"line":43,"column":8},"end":{"line":43,"column":59}},"4":{"start":{"line":48,"column":8},"end":{"line":48,"column":30}},"5":{"start":{"line":53,"column":8},"end":{"line":53,"column":50}},"6":{"start":{"line":55,"column":8},"end":{"line":55,"column":1815}},"7":{"start":{"line":56,"column":12},"end":{"line":56,"column":25}},"8":{"start":{"line":59,"column":8},"end":{"line":59,"column":80}},"9":{"start":{"line":63,"column":8},"end":{"line":63,"column":39}},"10":{"start":{"line":68,"column":8},"end":{"line":68,"column":89}},"11":{"start":{"line":69,"column":8},"end":{"line":69,"column":83}},"12":{"start":{"line":71,"column":8},"end":{"line":71,"column":51}},"13":{"start":{"line":76,"column":8},"end":{"line":76,"column":45}}},"branchMap":{"1":{"line":55,"type":"if","locations":[{"start":{"line":55,"column":8},"end":{"line":55,"column":8}},{"start":{"line":55,"column":8},"end":{"line":55,"column":8}}]},"2":{"line":68,"type":"if","locations":[{"start":{"line":68,"column":8},"end":{"line":68,"column":8}},{"start":{"line":68,"column":8},"end":{"line":68,"column":8}}]},"3":{"line":69,"type":"if","locations":[{"start":{"line":69,"column":8},"end":{"line":69,"column":8}},{"start":{"line":69,"column":8},"end":{"line":69,"column":8}}]}}},
"contracts/BookFactory.sol":{"l":{"39":233,"40":233,"41":233,"43":233,"52":235,"70":187,"78":186,"84":186,"86":186,"88":186,"104":89,"111":88,"117":88,"119":88,"121":88,"134":140,"135":140,"148":127,"150":127,"151":99,"153":28,"162":17,"172":5,"173":1,"176":4,"177":4,"178":2,"181":4,"182":4,"184":4,"185":4,"188":4,"196":2},"path":"/Users/marti/Documents/a/Blockchain/Group12/blockchain/contracts/BookFactory.sol","s":{"1":233,"2":235,"3":187,"4":186,"5":186,"6":186,"7":89,"8":88,"9":88,"10":88,"11":140,"12":140,"13":127,"14":99,"15":28,"16":17,"17":5,"18":1,"19":4,"20":4,"21":4,"22":4,"23":4,"24":4,"25":2},"b":{"1":[235,1],"2":[187,2],"3":[89,1],"4":[140,1],"5":[127,1],"6":[99,28],"7":[17,1],"8":[5,1],"9":[1,4],"10":[2,2],"11":[2,1]},"f":{"1":233,"2":235,"3":187,"4":89,"5":140,"6":127,"7":17,"8":5,"9":2},"fnMap":{"1":{"name":"constructor","line":38,"loc":{"start":{"line":38,"column":4},"end":{"line":44,"column":4}}},"2":{"name":"getBookContractAddresses","line":51,"loc":{"start":{"line":51,"column":4},"end":{"line":53,"column":4}}},"3":{"name":"createRentableBook","line":68,"loc":{"start":{"line":63,"column":4},"end":{"line":89,"column":4}}},"4":{"name":"createSellableBook","line":102,"loc":{"start":{"line":98,"column":4},"end":{"line":122,"column":4}}},"5":{"name":"getBookInfo","line":130,"loc":{"start":{"line":130,"column":4},"end":{"line":136,"column":4}}},"6":{"name":"getBookContract","line":144,"loc":{"start":{"line":144,"column":4},"end":{"line":155,"column":4}}},"7":{"name":"getAllBookIds","line":161,"loc":{"start":{"line":161,"column":4},"end":{"line":163,"column":4}}},"8":{"name":"getBookIdsPaginated","line":171,"loc":{"start":{"line":171,"column":4},"end":{"line":189,"column":4}}},"9":{"name":"totalBooks","line":195,"loc":{"start":{"line":195,"column":4},"end":{"line":197,"column":4}}}},"statementMap":{"1":{"start":{"line":43,"column":8},"end":{"line":43,"column":113}},"2":{"start":{"line":52,"column":8},"end":{"line":52,"column":77}},"3":{"start":{"line":70,"column":8},"end":{"line":70,"column":2515}},"4":{"start":{"line":84,"column":8},"end":{"line":84,"column":32}},"5":{"start":{"line":86,"column":8},"end":{"line":86,"column":61}},"6":{"start":{"line":88,"column":8},"end":{"line":88,"column":22}},"7":{"start":{"line":104,"column":8},"end":{"line":104,"column":3510}},"8":{"start":{"line":117,"column":8},"end":{"line":117,"column":32}},"9":{"start":{"line":119,"column":8},"end":{"line":119,"column":61}},"10":{"start":{"line":121,"column":8},"end":{"line":121,"column":22}},"11":{"start":{"line":134,"column":8},"end":{"line":134,"column":53}},"12":{"start":{"line":135,"column":8},"end":{"line":135,"column":43}},"13":{"start":{"line":150,"column":8},"end":{"line":150,"column":4860}},"14":{"start":{"line":151,"column":12},"end":{"line":151,"column":60}},"15":{"start":{"line":153,"column":12},"end":{"line":153,"column":60}},"16":{"start":{"line":162,"column":8},"end":{"line":162,"column":26}},"17":{"start":{"line":172,"column":8},"end":{"line":172,"column":5583}},"18":{"start":{"line":173,"column":12},"end":{"line":173,"column":35}},"19":{"start":{"line":176,"column":8},"end":{"line":176,"column":41}},"20":{"start":{"line":177,"column":8},"end":{"line":177,"column":5718}},"21":{"start":{"line":181,"column":8},"end":{"line":181,"column":47}},"22":{"start":{"line":182,"column":8},"end":{"line":182,"column":60}},"23":{"start":{"line":184,"column":8},"end":{"line":184,"column":5929}},"24":{"start":{"line":188,"column":8},"end":{"line":188,"column":21}},"25":{"start":{"line":196,"column":8},"end":{"line":196,"column":33}}},"branchMap":{"1":{"line":51,"type":"if","locations":[{"start":{"line":51,"column":47},"end":{"line":51,"column":47}},{"start":{"line":51,"column":47},"end":{"line":51,"column":47}}]},"2":{"line":68,"type":"if","locations":[{"start":{"line":68,"column":15},"end":{"line":68,"column":15}},{"start":{"line":68,"column":15},"end":{"line":68,"column":15}}]},"3":{"line":102,"type":"if","locations":[{"start":{"line":102,"column":15},"end":{"line":102,"column":15}},{"start":{"line":102,"column":15},"end":{"line":102,"column":15}}]},"4":{"line":130,"type":"if","locations":[{"start":{"line":130,"column":51},"end":{"line":130,"column":51}},{"start":{"line":130,"column":51},"end":{"line":130,"column":51}}]},"5":{"line":144,"type":"if","locations":[{"start":{"line":144,"column":55},"end":{"line":144,"column":55}},{"start":{"line":144,"column":55},"end":{"line":144,"column":55}}]},"6":{"line":150,"type":"if","locations":[{"start":{"line":150,"column":8},"end":{"line":150,"column":8}},{"start":{"line":150,"column":8},"end":{"line":150,"column":8}}]},"7":{"line":161,"type":"if","locations":[{"start":{"line":161,"column":38},"end":{"line":161,"column":38}},{"start":{"line":161,"column":38},"end":{"line":161,"column":38}}]},"8":{"line":171,"type":"if","locations":[{"start":{"line":171,"column":73},"end":{"line":171,"column":73}},{"start":{"line":171,"column":73},"end":{"line":171,"column":73}}]},"9":{"line":172,"type":"if","locations":[{"start":{"line":172,"column":8},"end":{"line":172,"column":8}},{"start":{"line":172,"column":8},"end":{"line":172,"column":8}}]},"10":{"line":177,"type":"if","locations":[{"start":{"line":177,"column":8},"end":{"line":177,"column":8}},{"start":{"line":177,"column":8},"end":{"line":177,"column":8}}]},"11":{"line":195,"type":"if","locations":[{"start":{"line":195,"column":26},"end":{"line":195,"column":26}},{"start":{"line":195,"column":26},"end":{"line":195,"column":26}}]}}},
"contracts/LibraryManagerContract.sol":{"l":{"40":231,"41":231,"42":231,"43":231,"46":231,"48":231,"49":231,"51":231,"52":231,"53":231,"54":231,"55":231,"60":420,"61":409,"65":374,"66":364,"70":140,"71":140,"72":130,"76":448,"77":423,"82":377,"83":372,"90":782,"91":772,"92":772,"107":187,"108":187,"109":186,"110":186,"123":89,"124":89,"125":88,"126":88,"134":48,"135":48,"138":48,"141":46,"142":46,"144":42,"152":33,"153":33,"156":33,"158":31,"161":31,"163":31,"165":22,"166":22,"169":9,"170":9,"172":6,"175":6,"176":5,"185":15,"186":15,"188":15,"191":15,"194":14,"195":14,"197":11,"206":11,"207":11,"210":11,"213":10,"216":10,"218":7,"227":6,"228":6,"231":6,"234":5,"237":5,"239":3,"249":6,"252":6,"254":6,"264":2,"267":2,"269":2,"279":9,"287":3,"294":3,"301":1,"310":21,"318":3,"333":6,"335":6,"336":4,"337":4,"341":4,"343":2,"344":2,"348":2,"351":6,"359":17,"369":5,"377":4,"378":4,"379":4,"387":193,"395":33,"403":79,"407":2,"419":2,"427":18,"435":5,"443":4,"452":4,"460":62,"477":269,"480":269,"481":264,"482":264,"483":264,"486":269,"494":2,"501":1,"509":1},"path":"/Users/marti/Documents/a/Blockchain/Group12/blockchain/contracts/LibraryManagerContract.sol","s":{"1":231,"2":231,"3":231,"4":231,"5":231,"6":231,"7":231,"8":231,"9":420,"10":374,"11":140,"12":140,"13":448,"14":377,"15":782,"16":772,"17":772,"18":187,"19":187,"20":186,"21":186,"22":89,"23":89,"24":88,"25":88,"26":48,"27":48,"28":48,"29":46,"30":46,"31":42,"32":33,"33":33,"34":33,"35":31,"36":31,"37":31,"38":22,"39":22,"40":9,"41":9,"42":6,"43":6,"44":5,"45":15,"46":15,"47":15,"48":15,"49":14,"50":14,"51":11,"52":11,"53":11,"54":11,"55":10,"56":10,"57":7,"58":6,"59":6,"60":6,"61":5,"62":5,"63":3,"64":6,"65":6,"66":6,"67":2,"68":2,"69":2,"70":9,"71":3,"72":3,"73":1,"74":21,"75":3,"76":6,"77":4,"78":4,"79":2,"80":2,"81":6,"82":17,"83":5,"84":4,"85":4,"86":4,"87":193,"88":33,"89":79,"90":2,"91":2,"92":18,"93":5,"94":4,"95":4,"96":62,"97":269,"98":269,"99":2,"100":1,"101":1},"b":{"1":[409,11],"2":[364,10],"3":[130,10],"4":[423,25],"5":[372,5],"6":[772,10],"7":[191,2],"8":[188,3],"9":[187,1],"10":[92,3],"11":[90,2],"12":[89,1],"13":[52,1],"14":[50,2],"15":[49,1],"16":[48,1],"17":[46,2],"18":[35,1],"19":[34,1],"20":[33,1],"21":[31,2],"22":[22,9],"23":[6,3],"24":[18,2],"25":[17,1],"26":[16,1],"27":[15,1],"28":[14,1],"29":[13,1],"30":[12,1],"31":[11,1],"32":[10,1],"33":[8,1],"34":[7,1],"35":[6,1],"36":[5,1],"37":[6,2],"38":[2,1],"39":[9,1],"40":[3,1],"41":[3,1],"42":[1,2],"43":[6,2],"44":[4,2],"45":[4,2],"46":[193,3],"47":[33,1],"48":[79,3],"49":[2,1],"50":[2,1],"51":[18,2],"52":[5,1],"53":[4,1],"54":[4,2],"55":[62,2],"56":[264,5],"57":[1,1]},"f":{"1":231,"2":231,"3":420,"4":374,"5":140,"6":448,"7":377,"8":782,"9":187,"10":89,"11":48,"12":33,"13":15,"14":11,"15":6,"16":6,"17":2,"18":9,"19":3,"20":3,"21":1,"22":21,"23":3,"24":6,"25":17,"26":5,"27":4,"28":193,"29":33,"30":79,"31":2,"32":2,"33":18,"34":5,"35":4,"36":4,"37":62,"38":269,"39":2,"40":1,"41":1},"fnMap":{"1":{"name":"constructor","line":31,"loc":{"start":{"line":31,"column":4},"end":{"line":32,"column":4}}},"2":{"name":"initialize","line":34,"loc":{"start":{"line":34,"column":4},"end":{"line":56,"column":4}}},"3":{"name":"onlyRegistered","line":59,"loc":{"start":{"line":59,"column":4},"end":{"line":62,"column":4}}},"4":{"name":"notBanned","line":64,"loc":{"start":{"line":64,"column":4},"end":{"line":67,"column":4}}},"5":{"name":"bookExists","line":69,"loc":{"start":{"line":69,"column":4},"end":{"line":73,"column":4}}},"6":{"name":"onlySystemOwner","line":75,"loc":{"start":{"line":75,"column":4},"end":{"line":78,"column":4}}},"7":{"name":"whenNotPaused","line":81,"loc":{"start":{"line":81,"column":4},"end":{"line":84,"column":4}}},"8":{"name":"registerUser","line":89,"loc":{"start":{"line":89,"column":4},"end":{"line":93,"column":4}}},"9":{"name":"createRentableBook","line":106,"loc":{"start":{"line":102,"column":4},"end":{"line":111,"column":4}}},"10":{"name":"createSellableBook","line":122,"loc":{"start":{"line":119,"column":4},"end":{"line":127,"column":4}}},"11":{"name":"borrowBook","line":133,"loc":{"start":{"line":133,"column":4},"end":{"line":145,"column":4}}},"12":{"name":"returnBook","line":151,"loc":{"start":{"line":151,"column":4},"end":{"line":178,"column":4}}},"13":{"name":"buyBook","line":184,"loc":{"start":{"line":184,"column":4},"end":{"line":198,"column":4}}},"14":{"name":"rateRentableBook","line":205,"loc":{"start":{"line":205,"column":4},"end":{"line":219,"column":4}}},"15":{"name":"rateSellableBook","line":226,"loc":{"start":{"line":226,"column":4},"end":{"line":240,"column":4}}},"16":{"name":"getBookRating","line":248,"loc":{"start":{"line":248,"column":4},"end":{"line":255,"column":4}}},"17":{"name":"hasUserRatedBook","line":263,"loc":{"start":{"line":263,"column":4},"end":{"line":270,"column":4}}},"18":{"name":"pauseOperation","line":278,"loc":{"start":{"line":278,"column":4},"end":{"line":280,"column":4}}},"19":{"name":"unpauseOperation","line":286,"loc":{"start":{"line":286,"column":4},"end":{"line":288,"column":4}}},"20":{"name":"pauseAll","line":293,"loc":{"start":{"line":293,"column":4},"end":{"line":295,"column":4}}},"21":{"name":"unpauseAll","line":300,"loc":{"start":{"line":300,"column":4},"end":{"line":302,"column":4}}},"22":{"name":"isOperationPaused","line":309,"loc":{"start":{"line":309,"column":4},"end":{"line":311,"column":4}}},"23":{"name":"areAllPaused","line":317,"loc":{"start":{"line":317,"column":4},"end":{"line":319,"column":4}}},"24":{"name":"getBookDetails","line":328,"loc":{"start":{"line":328,"column":4},"end":{"line":352,"column":4}}},"25":{"name":"getAllBookIds","line":358,"loc":{"start":{"line":358,"column":4},"end":{"line":360,"column":4}}},"26":{"name":"getBookIdsPaginated","line":368,"loc":{"start":{"line":368,"column":4},"end":{"line":370,"column":4}}},"27":{"name":"setReturnerRewardPercentage","line":376,"loc":{"start":{"line":376,"column":4},"end":{"line":380,"column":4}}},"28":{"name":"proposeAddOwner","line":386,"loc":{"start":{"line":386,"column":4},"end":{"line":388,"column":4}}},"29":{"name":"proposeRemoveOwner","line":394,"loc":{"start":{"line":394,"column":4},"end":{"line":396,"column":4}}},"30":{"name":"approveProposal","line":402,"loc":{"start":{"line":402,"column":4},"end":{"line":404,"column":4}}},"31":{"name":"hasVoted","line":406,"loc":{"start":{"line":406,"column":4},"end":{"line":408,"column":4}}},"32":{"name":"getProposalInfo","line":411,"loc":{"start":{"line":411,"column":4},"end":{"line":420,"column":4}}},"33":{"name":"rejectProposal","line":426,"loc":{"start":{"line":426,"column":4},"end":{"line":428,"column":4}}},"34":{"name":"canExecuteProposal","line":434,"loc":{"start":{"line":434,"column":4},"end":{"line":436,"column":4}}},"35":{"name":"getPendingProposals","line":442,"loc":{"start":{"line":442,"column":4},"end":{"line":444,"column":4}}},"36":{"name":"unbanUser","line":451,"loc":{"start":{"line":451,"column":4},"end":{"line":453,"column":4}}},"37":{"name":"banUser","line":459,"loc":{"start":{"line":459,"column":4},"end":{"line":461,"column":4}}},"38":{"name":"getUserInfo","line":471,"loc":{"start":{"line":471,"column":4},"end":{"line":487,"column":4}}},"39":{"name":"getTotalBooks","line":493,"loc":{"start":{"line":493,"column":4},"end":{"line":495,"column":4}}},"40":{"name":"getAllUsers","line":500,"loc":{"start":{"line":500,"column":4},"end":{"line":502,"column":4}}},"41":{"name":"getTotalUsers","line":508,"loc":{"start":{"line":508,"column":4},"end":{"line":510,"column":4}}}},"statementMap":{"1":{"start":{"line":46,"column":8},"end":{"line":46,"column":85}},"2":{"start":{"line":48,"column":8},"end":{"line":48,"column":42}},"3":{"start":{"line":49,"column":8},"end":{"line":49,"column":44}},"4":{"start":{"line":51,"column":8},"end":{"line":51,"column":54}},"5":{"start":{"line":52,"column":8},"end":{"line":52,"column":60}},"6":{"start":{"line":53,"column":8},"end":{"line":53,"column":58}},"7":{"start":{"line":54,"column":8},"end":{"line":54,"column":58}},"8":{"start":{"line":55,"column":8},"end":{"line":55,"column":68}},"9":{"start":{"line":60,"column":8},"end":{"line":60,"column":90}},"10":{"start":{"line":65,"column":8},"end":{"line":65,"column":82}},"11":{"start":{"line":70,"column":8},"end":{"line":70,"column":58}},"12":{"start":{"line":71,"column":8},"end":{"line":71,"column":61}},"13":{"start":{"line":76,"column":8},"end":{"line":76,"column":90}},"14":{"start":{"line":82,"column":8},"end":{"line":82,"column":107}},"15":{"start":{"line":90,"column":8},"end":{"line":90,"column":90}},"16":{"start":{"line":91,"column":8},"end":{"line":91,"column":42}},"17":{"start":{"line":92,"column":8},"end":{"line":92,"column":39}},"18":{"start":{"line":107,"column":8},"end":{"line":107,"column":41}},"19":{"start":{"line":108,"column":8},"end":{"line":108,"column":112}},"20":{"start":{"line":109,"column":8},"end":{"line":109,"column":64}},"21":{"start":{"line":110,"column":8},"end":{"line":110,"column":22}},"22":{"start":{"line":123,"column":8},"end":{"line":123,"column":41}},"23":{"start":{"line":124,"column":8},"end":{"line":124,"column":89}},"24":{"start":{"line":125,"column":8},"end":{"line":125,"column":64}},"25":{"start":{"line":126,"column":8},"end":{"line":126,"column":22}},"26":{"start":{"line":134,"column":8},"end":{"line":134,"column":41}},"27":{"start":{"line":135,"column":8},"end":{"line":135,"column":103}},"28":{"start":{"line":138,"column":8},"end":{"line":138,"column":97}},"29":{"start":{"line":141,"column":8},"end":{"line":141,"column":61}},"30":{"start":{"line":142,"column":8},"end":{"line":142,"column":65}},"31":{"start":{"line":144,"column":8},"end":{"line":144,"column":46}},"32":{"start":{"line":152,"column":8},"end":{"line":152,"column":41}},"33":{"start":{"line":153,"column":8},"end":{"line":153,"column":103}},"34":{"start":{"line":156,"column":8},"end":{"line":156,"column":97}},"35":{"start":{"line":158,"column":8},"end":{"line":158,"column":61}},"36":{"start":{"line":161,"column":8},"end":{"line":161,"column":118}},"37":{"start":{"line":163,"column":8},"end":{"line":163,"column":6666}},"38":{"start":{"line":165,"column":12},"end":{"line":165,"column":51}},"39":{"start":{"line":166,"column":12},"end":{"line":166,"column":50}},"40":{"start":{"line":169,"column":12},"end":{"line":169,"column":88}},"41":{"start":{"line":170,"column":12},"end":{"line":170,"column":99}},"42":{"start":{"line":172,"column":12},"end":{"line":172,"column":50}},"43":{"start":{"line":175,"column":12},"end":{"line":175,"column":58}},"44":{"start":{"line":176,"column":12},"end":{"line":176,"column":72}},"45":{"start":{"line":185,"column":8},"end":{"line":185,"column":41}},"46":{"start":{"line":186,"column":8},"end":{"line":186,"column":103}},"47":{"start":{"line":188,"column":8},"end":{"line":188,"column":66}},"48":{"start":{"line":191,"column":8},"end":{"line":191,"column":97}},"49":{"start":{"line":194,"column":8},"end":{"line":194,"column":61}},"50":{"start":{"line":195,"column":8},"end":{"line":195,"column":62}},"51":{"start":{"line":197,"column":8},"end":{"line":197,"column":55}},"52":{"start":{"line":206,"column":8},"end":{"line":206,"column":41}},"53":{"start":{"line":207,"column":8},"end":{"line":207,"column":103}},"54":{"start":{"line":210,"column":8},"end":{"line":210,"column":97}},"55":{"start":{"line":213,"column":8},"end":{"line":213,"column":61}},"56":{"start":{"line":216,"column":8},"end":{"line":216,"column":53}},"57":{"start":{"line":218,"column":8},"end":{"line":218,"column":51}},"58":{"start":{"line":227,"column":8},"end":{"line":227,"column":41}},"59":{"start":{"line":228,"column":8},"end":{"line":228,"column":103}},"60":{"start":{"line":231,"column":8},"end":{"line":231,"column":97}},"61":{"start":{"line":234,"column":8},"end":{"line":234,"column":61}},"62":{"start":{"line":237,"column":8},"end":{"line":237,"column":53}},"63":{"start":{"line":239,"column":8},"end":{"line":239,"column":51}},"64":{"start":{"line":249,"column":8},"end":{"line":249,"column":74}},"65":{"start":{"line":252,"column":8},"end":{"line":252,"column":49}},"66":{"start":{"line":254,"column":8},"end":{"line":254,"column":50}},"67":{"start":{"line":264,"column":8},"end":{"line":264,"column":74}},"68":{"start":{"line":267,"column":8},"end":{"line":267,"column":49}},"69":{"start":{"line":269,"column":8},"end":{"line":269,"column":55}},"70":{"start":{"line":279,"column":8},"end":{"line":279,"column":55}},"71":{"start":{"line":287,"column":8},"end":{"line":287,"column":57}},"72":{"start":{"line":294,"column":8},"end":{"line":294,"column":36}},"73":{"start":{"line":301,"column":8},"end":{"line":301,"column":38}},"74":{"start":{"line":310,"column":8},"end":{"line":310,"column":66}},"75":{"start":{"line":318,"column":8},"end":{"line":318,"column":48}},"76":{"start":{"line":335,"column":8},"end":{"line":335,"column":13292}},"77":{"start":{"line":336,"column":12},"end":{"line":336,"column":65}},"78":{"start":{"line":337,"column":12},"end":{"line":337,"column":13477}},"79":{"start":{"line":343,"column":12},"end":{"line":343,"column":65}},"80":{"start":{"line":344,"column":12},"end":{"line":344,"column":13815}},"81":{"start":{"line":351,"column":8},"end":{"line":351,"column":52}},"82":{"start":{"line":359,"column":8},"end":{"line":359,"column":42}},"83":{"start":{"line":369,"column":8},"end":{"line":369,"column":61}},"84":{"start":{"line":377,"column":8},"end":{"line":377,"column":76}},"85":{"start":{"line":378,"column":8},"end":{"line":378,"column":61}},"86":{"start":{"line":379,"column":8},"end":{"line":379,"column":55}},"87":{"start":{"line":387,"column":8},"end":{"line":387,"column":63}},"88":{"start":{"line":395,"column":8},"end":{"line":395,"column":63}},"89":{"start":{"line":403,"column":8},"end":{"line":403,"column":57}},"90":{"start":{"line":407,"column":8},"end":{"line":407,"column":58}},"91":{"start":{"line":419,"column":8},"end":{"line":419,"column":53}},"92":{"start":{"line":427,"column":8},"end":{"line":427,"column":56}},"93":{"start":{"line":435,"column":8},"end":{"line":435,"column":48}},"94":{"start":{"line":443,"column":8},"end":{"line":443,"column":47}},"95":{"start":{"line":452,"column":8},"end":{"line":452,"column":33}},"96":{"start":{"line":460,"column":8},"end":{"line":460,"column":31}},"97":{"start":{"line":480,"column":8},"end":{"line":480,"column":18162}},"98":{"start":{"line":486,"column":8},"end":{"line":486,"column":66}},"99":{"start":{"line":494,"column":8},"end":{"line":494,"column":39}},"100":{"start":{"line":501,"column":8},"end":{"line":501,"column":39}},"101":{"start":{"line":509,"column":8},"end":{"line":509,"column":38}}},"branchMap":{"1":{"line":60,"type":"if","locations":[{"start":{"line":60,"column":8},"end":{"line":60,"column":8}},{"start":{"line":60,"column":8},"end":{"line":60,"column":8}}]},"2":{"line":65,"type":"if","locations":[{"start":{"line":65,"column":8},"end":{"line":65,"column":8}},{"start":{"line":65,"column":8},"end":{"line":65,"column":8}}]},"3":{"line":71,"type":"if","locations":[{"start":{"line":71,"column":8},"end":{"line":71,"column":8}},{"start":{"line":71,"column":8},"end":{"line":71,"column":8}}]},"4":{"line":76,"type":"if","locations":[{"start":{"line":76,"column":8},"end":{"line":76,"column":8}},{"start":{"line":76,"column":8},"end":{"line":76,"column":8}}]},"5":{"line":82,"type":"if","locations":[{"start":{"line":82,"column":8},"end":{"line":82,"column":8}},{"start":{"line":82,"column":8},"end":{"line":82,"column":8}}]},"6":{"line":90,"type":"if","locations":[{"start":{"line":90,"column":8},"end":{"line":90,"column":8}},{"start":{"line":90,"column":8},"end":{"line":90,"column":8}}]},"7":{"line":106,"type":"if","locations":[{"start":{"line":106,"column":15},"end":{"line":106,"column":15}},{"start":{"line":106,"column":15},"end":{"line":106,"column":15}}]},"8":{"line":106,"type":"if","locations":[{"start":{"line":106,"column":30},"end":{"line":106,"column":30}},{"start":{"line":106,"column":30},"end":{"line":106,"column":30}}]},"9":{"line":106,"type":"if","locations":[{"start":{"line":106,"column":40},"end":{"line":106,"column":40}},{"start":{"line":106,"column":40},"end":{"line":106,"column":40}}]},"10":{"line":122,"type":"if","locations":[{"start":{"line":122,"column":15},"end":{"line":122,"column":15}},{"start":{"line":122,"column":15},"end":{"line":122,"column":15}}]},"11":{"line":122,"type":"if","locations":[{"start":{"line":122,"column":30},"end":{"line":122,"column":30}},{"start":{"line":122,"column":30},"end":{"line":122,"column":30}}]},"12":{"line":122,"type":"if","locations":[{"start":{"line":122,"column":40},"end":{"line":122,"column":40}},{"start":{"line":122,"column":40},"end":{"line":122,"column":40}}]},"13":{"line":133,"type":"if","locations":[{"start":{"line":133,"column":58},"end":{"line":133,"column":58}},{"start":{"line":133,"column":58},"end":{"line":133,"column":58}}]},"14":{"line":133,"type":"if","locations":[{"start":{"line":133,"column":73},"end":{"line":133,"column":73}},{"start":{"line":133,"column":73},"end":{"line":133,"column":73}}]},"15":{"line":133,"type":"if","locations":[{"start":{"line":133,"column":83},"end":{"line":133,"column":83}},{"start":{"line":133,"column":83},"end":{"line":133,"column":83}}]},"16":{"line":133,"type":"if","locations":[{"start":{"line":133,"column":103},"end":{"line":133,"column":103}},{"start":{"line":133,"column":103},"end":{"line":133,"column":103}}]},"17":{"line":138,"type":"if","locations":[{"start":{"line":138,"column":8},"end":{"line":138,"column":8}},{"start":{"line":138,"column":8},"end":{"line":138,"column":8}}]},"18":{"line":151,"type":"if","locations":[{"start":{"line":151,"column":50},"end":{"line":151,"column":50}},{"start":{"line":151,"column":50},"end":{"line":151,"column":50}}]},"19":{"line":151,"type":"if","locations":[{"start":{"line":151,"column":65},"end":{"line":151,"column":65}},{"start":{"line":151,"column":65},"end":{"line":151,"column":65}}]},"20":{"line":151,"type":"if","locations":[{"start":{"line":151,"column":85},"end":{"line":151,"column":85}},{"start":{"line":151,"column":85},"end":{"line":151,"column":85}}]},"21":{"line":156,"type":"if","locations":[{"start":{"line":156,"column":8},"end":{"line":156,"column":8}},{"start":{"line":156,"column":8},"end":{"line":156,"column":8}}]},"22":{"line":163,"type":"if","locations":[{"start":{"line":163,"column":8},"end":{"line":163,"column":8}},{"start":{"line":163,"column":8},"end":{"line":163,"column":8}}]},"23":{"line":170,"type":"if","locations":[{"start":{"line":170,"column":12},"end":{"line":170,"column":12}},{"start":{"line":170,"column":12},"end":{"line":170,"column":12}}]},"24":{"line":184,"type":"if","locations":[{"start":{"line":184,"column":55},"end":{"line":184,"column":55}},{"start":{"line":184,"column":55},"end":{"line":184,"column":55}}]},"25":{"line":184,"type":"if","locations":[{"start":{"line":184,"column":70},"end":{"line":184,"column":70}},{"start":{"line":184,"column":70},"end":{"line":184,"column":70}}]},"26":{"line":184,"type":"if","locations":[{"start":{"line":184,"column":80},"end":{"line":184,"column":80}},{"start":{"line":184,"column":80},"end":{"line":184,"column":80}}]},"27":{"line":184,"type":"if","locations":[{"start":{"line":184,"column":100},"end":{"line":184,"column":100}},{"start":{"line":184,"column":100},"end":{"line":184,"column":100}}]},"28":{"line":191,"type":"if","locations":[{"start":{"line":191,"column":8},"end":{"line":191,"column":8}},{"start":{"line":191,"column":8},"end":{"line":191,"column":8}}]},"29":{"line":205,"type":"if","locations":[{"start":{"line":205,"column":72},"end":{"line":205,"column":72}},{"start":{"line":205,"column":72},"end":{"line":205,"column":72}}]},"30":{"line":205,"type":"if","locations":[{"start":{"line":205,"column":87},"end":{"line":205,"column":87}},{"start":{"line":205,"column":87},"end":{"line":205,"column":87}}]},"31":{"line":205,"type":"if","locations":[{"start":{"line":205,"column":97},"end":{"line":205,"column":97}},{"start":{"line":205,"column":97},"end":{"line":205,"column":97}}]},"32":{"line":210,"type":"if","locations":[{"start":{"line":210,"column":8},"end":{"line":210,"column":8}},{"start":{"line":210,"column":8},"end":{"line":210,"column":8}}]},"33":{"line":226,"type":"if","locations":[{"start":{"line":226,"column":72},"end":{"line":226,"column":72}},{"start":{"line":226,"column":72},"end":{"line":226,"column":72}}]},"34":{"line":226,"type":"if","locations":[{"start":{"line":226,"column":87},"end":{"line":226,"column":87}},{"start":{"line":226,"column":87},"end":{"line":226,"column":87}}]},"35":{"line":226,"type":"if","locations":[{"start":{"line":226,"column":97},"end":{"line":226,"column":97}},{"start":{"line":226,"column":97},"end":{"line":226,"column":97}}]},"36":{"line":231,"type":"if","locations":[{"start":{"line":231,"column":8},"end":{"line":231,"column":8}},{"start":{"line":231,"column":8},"end":{"line":231,"column":8}}]},"37":{"line":248,"type":"if","locations":[{"start":{"line":248,"column":58},"end":{"line":248,"column":58}},{"start":{"line":248,"column":58},"end":{"line":248,"column":58}}]},"38":{"line":263,"type":"if","locations":[{"start":{"line":263,"column":75},"end":{"line":263,"column":75}},{"start":{"line":263,"column":75},"end":{"line":263,"column":75}}]},"39":{"line":278,"type":"if","locations":[{"start":{"line":278,"column":85},"end":{"line":278,"column":85}},{"start":{"line":278,"column":85},"end":{"line":278,"column":85}}]},"40":{"line":286,"type":"if","locations":[{"start":{"line":286,"column":87},"end":{"line":286,"column":87}},{"start":{"line":286,"column":87},"end":{"line":286,"column":87}}]},"41":{"line":293,"type":"if","locations":[{"start":{"line":293,"column":33},"end":{"line":293,"column":33}},{"start":{"line":293,"column":33},"end":{"line":293,"column":33}}]},"42":{"line":300,"type":"if","locations":[{"start":{"line":300,"column":35},"end":{"line":300,"column":35}},{"start":{"line":300,"column":35},"end":{"line":300,"column":35}}]},"43":{"line":328,"type":"if","locations":[{"start":{"line":328,"column":59},"end":{"line":328,"column":59}},{"start":{"line":328,"column":59},"end":{"line":328,"column":59}}]},"44":{"line":335,"type":"if","locations":[{"start":{"line":335,"column":8},"end":{"line":335,"column":8}},{"start":{"line":335,"column":8},"end":{"line":335,"column":8}}]},"45":{"line":376,"type":"if","locations":[{"start":{"line":376,"column":70},"end":{"line":376,"column":70}},{"start":{"line":376,"column":70},"end":{"line":376,"column":70}}]},"46":{"line":386,"type":"if","locations":[{"start":{"line":386,"column":56},"end":{"line":386,"column":56}},{"start":{"line":386,"column":56},"end":{"line":386,"column":56}}]},"47":{"line":394,"type":"if","locations":[{"start":{"line":394,"column":56},"end":{"line":394,"column":56}},{"start":{"line":394,"column":56},"end":{"line":394,"column":56}}]},"48":{"line":402,"type":"if","locations":[{"start":{"line":402,"column":58},"end":{"line":402,"column":58}},{"start":{"line":402,"column":58},"end":{"line":402,"column":58}}]},"49":{"line":406,"type":"if","locations":[{"start":{"line":406,"column":53},"end":{"line":406,"column":53}},{"start":{"line":406,"column":53},"end":{"line":406,"column":53}}]},"50":{"line":411,"type":"if","locations":[{"start":{"line":411,"column":49},"end":{"line":411,"column":49}},{"start":{"line":411,"column":49},"end":{"line":411,"column":49}}]},"51":{"line":426,"type":"if","locations":[{"start":{"line":426,"column":57},"end":{"line":426,"column":57}},{"start":{"line":426,"column":57},"end":{"line":426,"column":57}}]},"52":{"line":434,"type":"if","locations":[{"start":{"line":434,"column":66},"end":{"line":434,"column":66}},{"start":{"line":434,"column":66},"end":{"line":434,"column":66}}]},"53":{"line":442,"type":"if","locations":[{"start":{"line":442,"column":49},"end":{"line":442,"column":49}},{"start":{"line":442,"column":49},"end":{"line":442,"column":49}}]},"54":{"line":451,"type":"if","locations":[{"start":{"line":451,"column":46},"end":{"line":451,"column":46}},{"start":{"line":451,"column":46},"end":{"line":451,"column":46}}]},"55":{"line":459,"type":"if","locations":[{"start":{"line":459,"column":44},"end":{"line":459,"column":44}},{"start":{"line":459,"column":44},"end":{"line":459,"column":44}}]},"56":{"line":480,"type":"if","locations":[{"start":{"line":480,"column":8},"end":{"line":480,"column":8}},{"start":{"line":480,"column":8},"end":{"line":480,"column":8}}]},"57":{"line":500,"type":"if","locations":[{"start":{"line":500,"column":41},"end":{"line":500,"column":41}},{"start":{"line":500,"column":41},"end":{"line":500,"column":41}}]}}},
"contracts/OwnerGovernance.sol":{"l":{"52":231,"56":552,"60":545,"69":297,"71":296,"73":296,"74":294,"75":292,"78":291,"79":291,"81":291,"84":291,"85":172,"95":18,"97":17,"99":17,"100":16,"103":14,"104":14,"106":14,"109":14,"110":6,"111":6,"122":193,"123":192,"125":190,"128":190,"129":190,"130":190,"131":190,"132":190,"133":190,"134":190,"135":190,"136":190,"139":190,"141":190,"143":190,"155":2,"157":1,"159":1,"176":33,"177":31,"179":28,"182":28,"183":28,"184":28,"185":28,"186":28,"187":28,"188":28,"189":28,"190":28,"193":28,"195":28,"197":28,"206":5,"215":296,"217":296,"218":296,"220":296,"222":256,"226":40,"227":40,"237":14,"238":14,"239":14,"241":14,"244":12,"245":12,"249":2,"254":2,"255":2,"262":172,"264":172,"266":164,"269":8,"273":172,"275":172,"283":4,"286":4,"287":17,"288":4,"293":4,"294":4,"297":4,"298":17,"299":4,"300":4,"304":4},"path":"/Users/marti/Documents/a/Blockchain/Group12/blockchain/contracts/OwnerGovernance.sol","s":{"1":552,"2":297,"3":296,"4":296,"5":294,"6":292,"7":291,"8":291,"9":172,"10":18,"11":17,"12":17,"13":16,"14":14,"15":14,"16":6,"17":193,"18":192,"19":190,"20":190,"21":190,"22":190,"23":190,"24":2,"25":1,"26":1,"27":33,"28":31,"29":28,"30":28,"31":28,"32":28,"33":28,"34":5,"35":296,"36":296,"37":296,"38":296,"39":256,"40":40,"41":40,"42":14,"43":14,"44":14,"45":14,"46":12,"47":12,"48":2,"49":2,"50":2,"51":172,"52":172,"53":164,"54":8,"55":172,"56":4,"57":4,"58":17,"59":4,"60":4,"61":4,"62":17,"63":4},"b":{"1":[545,7],"2":[297,1],"3":[296,1],"4":[294,2],"5":[292,2],"6":[291,1],"7":[172,119],"8":[18,1],"9":[17,1],"10":[16,1],"11":[14,2],"12":[6,8],"13":[193,2],"14":[192,1],"15":[190,2],"16":[2,1],"17":[1,1],"18":[33,1],"19":[31,2],"20":[28,3],"21":[256,40],"22":[12,2],"23":[2,1],"24":[164,8],"25":[4,13],"26":[4,13]},"f":{"1":231,"2":552,"3":297,"4":18,"5":193,"6":2,"7":33,"8":5,"9":296,"10":14,"11":2,"12":172,"13":4},"fnMap":{"1":{"name":"constructor","line":51,"loc":{"start":{"line":51,"column":4},"end":{"line":53,"column":4}}},"2":{"name":"onlyAuthorized","line":55,"loc":{"start":{"line":55,"column":4},"end":{"line":61,"column":4}}},"3":{"name":"approveProposal","line":68,"loc":{"start":{"line":68,"column":4},"end":{"line":87,"column":4}}},"4":{"name":"rejectProposal","line":94,"loc":{"start":{"line":94,"column":4},"end":{"line":113,"column":4}}},"5":{"name":"proposeAddOwner","line":121,"loc":{"start":{"line":121,"column":4},"end":{"line":144,"column":4}}},"6":{"name":"getProposalInfo","line":147,"loc":{"start":{"line":147,"column":4},"end":{"line":167,"column":4}}},"7":{"name":"proposeRemoveOwner","line":175,"loc":{"start":{"line":175,"column":4},"end":{"line":198,"column":4}}},"8":{"name":"canExecute","line":205,"loc":{"start":{"line":205,"column":4},"end":{"line":207,"column":4}}},"9":{"name":"_canExecute","line":214,"loc":{"start":{"line":214,"column":4},"end":{"line":229,"column":4}}},"10":{"name":"_cannotReachQuorum","line":236,"loc":{"start":{"line":236,"column":4},"end":{"line":251,"column":4}}},"11":{"name":"hasVoted","line":253,"loc":{"start":{"line":253,"column":4},"end":{"line":256,"column":4}}},"12":{"name":"_executeProposal","line":261,"loc":{"start":{"line":261,"column":4},"end":{"line":276,"column":4}}},"13":{"name":"getPendingProposals","line":282,"loc":{"start":{"line":282,"column":4},"end":{"line":305,"column":4}}}},"statementMap":{"1":{"start":{"line":56,"column":8},"end":{"line":56,"column":2084}},"2":{"start":{"line":69,"column":8},"end":{"line":69,"column":69}},"3":{"start":{"line":71,"column":8},"end":{"line":71,"column":57}},"4":{"start":{"line":73,"column":8},"end":{"line":73,"column":82}},"5":{"start":{"line":74,"column":8},"end":{"line":74,"column":59}},"6":{"start":{"line":75,"column":8},"end":{"line":75,"column":78}},"7":{"start":{"line":81,"column":8},"end":{"line":81,"column":49}},"8":{"start":{"line":84,"column":8},"end":{"line":84,"column":3020}},"9":{"start":{"line":85,"column":12},"end":{"line":85,"column":39}},"10":{"start":{"line":95,"column":8},"end":{"line":95,"column":69}},"11":{"start":{"line":97,"column":8},"end":{"line":97,"column":57}},"12":{"start":{"line":99,"column":8},"end":{"line":99,"column":82}},"13":{"start":{"line":100,"column":8},"end":{"line":100,"column":59}},"14":{"start":{"line":106,"column":8},"end":{"line":106,"column":49}},"15":{"start":{"line":109,"column":8},"end":{"line":109,"column":3874}},"16":{"start":{"line":111,"column":12},"end":{"line":111,"column":55}},"17":{"start":{"line":122,"column":8},"end":{"line":122,"column":77}},"18":{"start":{"line":123,"column":8},"end":{"line":123,"column":72}},"19":{"start":{"line":125,"column":8},"end":{"line":125,"column":44}},"20":{"start":{"line":128,"column":8},"end":{"line":128,"column":60}},"21":{"start":{"line":139,"column":8},"end":{"line":139,"column":42}},"22":{"start":{"line":141,"column":8},"end":{"line":141,"column":81}},"23":{"start":{"line":143,"column":8},"end":{"line":143,"column":25}},"24":{"start":{"line":155,"column":8},"end":{"line":155,"column":69}},"25":{"start":{"line":157,"column":8},"end":{"line":157,"column":57}},"26":{"start":{"line":159,"column":8},"end":{"line":159,"column":5638}},"27":{"start":{"line":176,"column":8},"end":{"line":176,"column":69}},"28":{"start":{"line":177,"column":8},"end":{"line":177,"column":68}},"29":{"start":{"line":179,"column":8},"end":{"line":179,"column":44}},"30":{"start":{"line":182,"column":8},"end":{"line":182,"column":60}},"31":{"start":{"line":193,"column":8},"end":{"line":193,"column":42}},"32":{"start":{"line":195,"column":8},"end":{"line":195,"column":81}},"33":{"start":{"line":197,"column":8},"end":{"line":197,"column":25}},"34":{"start":{"line":206,"column":8},"end":{"line":206,"column":38}},"35":{"start":{"line":215,"column":8},"end":{"line":215,"column":57}},"36":{"start":{"line":217,"column":8},"end":{"line":217,"column":61}},"37":{"start":{"line":218,"column":8},"end":{"line":218,"column":54}},"38":{"start":{"line":220,"column":8},"end":{"line":220,"column":7817}},"39":{"start":{"line":222,"column":12},"end":{"line":222,"column":49}},"40":{"start":{"line":226,"column":12},"end":{"line":226,"column":54}},"41":{"start":{"line":227,"column":12},"end":{"line":227,"column":92}},"42":{"start":{"line":237,"column":8},"end":{"line":237,"column":57}},"43":{"start":{"line":238,"column":8},"end":{"line":238,"column":61}},"44":{"start":{"line":239,"column":8},"end":{"line":239,"column":56}},"45":{"start":{"line":241,"column":8},"end":{"line":241,"column":8807}},"46":{"start":{"line":244,"column":12},"end":{"line":244,"column":70}},"47":{"start":{"line":245,"column":12},"end":{"line":245,"column":57}},"48":{"start":{"line":249,"column":12},"end":{"line":249,"column":37}},"49":{"start":{"line":254,"column":8},"end":{"line":254,"column":57}},"50":{"start":{"line":255,"column":8},"end":{"line":255,"column":40}},"51":{"start":{"line":262,"column":8},"end":{"line":262,"column":57}},"52":{"start":{"line":264,"column":8},"end":{"line":264,"column":9862}},"53":{"start":{"line":266,"column":12},"end":{"line":266,"column":53}},"54":{"start":{"line":269,"column":12},"end":{"line":269,"column":56}},"55":{"start":{"line":275,"column":8},"end":{"line":275,"column":41}},"56":{"start":{"line":283,"column":8},"end":{"line":283,"column":32}},"57":{"start":{"line":286,"column":8},"end":{"line":286,"column":10569}},"58":{"start":{"line":287,"column":12},"end":{"line":287,"column":10631}},"59":{"start":{"line":293,"column":8},"end":{"line":293,"column":61}},"60":{"start":{"line":294,"column":8},"end":{"line":294,"column":31}},"61":{"start":{"line":297,"column":8},"end":{"line":297,"column":10900}},"62":{"start":{"line":298,"column":12},"end":{"line":298,"column":10962}},"63":{"start":{"line":304,"column":8},"end":{"line":304,"column":21}}},"branchMap":{"1":{"line":56,"type":"if","locations":[{"start":{"line":56,"column":8},"end":{"line":56,"column":8}},{"start":{"line":56,"column":8},"end":{"line":56,"column":8}}]},"2":{"line":68,"type":"if","locations":[{"start":{"line":68,"column":72},"end":{"line":68,"column":72}},{"start":{"line":68,"column":72},"end":{"line":68,"column":72}}]},"3":{"line":69,"type":"if","locations":[{"start":{"line":69,"column":8},"end":{"line":69,"column":8}},{"start":{"line":69,"column":8},"end":{"line":69,"column":8}}]},"4":{"line":73,"type":"if","locations":[{"start":{"line":73,"column":8},"end":{"line":73,"column":8}},{"start":{"line":73,"column":8},"end":{"line":73,"column":8}}]},"5":{"line":74,"type":"if","locations":[{"start":{"line":74,"column":8},"end":{"line":74,"column":8}},{"start":{"line":74,"column":8},"end":{"line":74,"column":8}}]},"6":{"line":75,"type":"if","locations":[{"start":{"line":75,"column":8},"end":{"line":75,"column":8}},{"start":{"line":75,"column":8},"end":{"line":75,"column":8}}]},"7":{"line":84,"type":"if","locations":[{"start":{"line":84,"column":8},"end":{"line":84,"column":8}},{"start":{"line":84,"column":8},"end":{"line":84,"column":8}}]},"8":{"line":94,"type":"if","locations":[{"start":{"line":94,"column":71},"end":{"line":94,"column":71}},{"start":{"line":94,"column":71},"end":{"line":94,"column":71}}]},"9":{"line":95,"type":"if","locations":[{"start":{"line":95,"column":8},"end":{"line":95,"column":8}},{"start":{"line":95,"column":8},"end":{"line":95,"column":8}}]},"10":{"line":99,"type":"if","locations":[{"start":{"line":99,"column":8},"end":{"line":99,"column":8}},{"start":{"line":99,"column":8},"end":{"line":99,"column":8}}]},"11":{"line":100,"type":"if","locations":[{"start":{"line":100,"column":8},"end":{"line":100,"column":8}},{"start":{"line":100,"column":8},"end":{"line":100,"column":8}}]},"12":{"line":109,"type":"if","locations":[{"start":{"line":109,"column":8},"end":{"line":109,"column":8}},{"start":{"line":109,"column":8},"end":{"line":109,"column":8}}]},"13":{"line":121,"type":"if","locations":[{"start":{"line":121,"column":72},"end":{"line":121,"column":72}},{"start":{"line":121,"column":72},"end":{"line":121,"column":72}}]},"14":{"line":122,"type":"if","locations":[{"start":{"line":122,"column":8},"end":{"line":122,"column":8}},{"start":{"line":122,"column":8},"end":{"line":122,"column":8}}]},"15":{"line":123,"type":"if","locations":[{"start":{"line":123,"column":8},"end":{"line":123,"column":8}},{"start":{"line":123,"column":8},"end":{"line":123,"column":8}}]},"16":{"line":147,"type":"if","locations":[{"start":{"line":147,"column":58},"end":{"line":147,"column":58}},{"start":{"line":147,"column":58},"end":{"line":147,"column":58}}]},"17":{"line":155,"type":"if","locations":[{"start":{"line":155,"column":8},"end":{"line":155,"column":8}},{"start":{"line":155,"column":8},"end":{"line":155,"column":8}}]},"18":{"line":175,"type":"if","locations":[{"start":{"line":175,"column":72},"end":{"line":175,"column":72}},{"start":{"line":175,"column":72},"end":{"line":175,"column":72}}]},"19":{"line":176,"type":"if","locations":[{"start":{"line":176,"column":8},"end":{"line":176,"column":8}},{"start":{"line":176,"column":8},"end":{"line":176,"column":8}}]},"20":{"line":177,"type":"if","locations":[{"start":{"line":177,"column":8},"end":{"line":177,"column":8}},{"start":{"line":177,"column":8},"end":{"line":177,"column":8}}]},"21":{"line":220,"type":"if","locations":[{"start":{"line":220,"column":8},"end":{"line":220,"column":8}},{"start":{"line":220,"column":8},"end":{"line":220,"column":8}}]},"22":{"line":241,"type":"if","locations":[{"start":{"line":241,"column":8},"end":{"line":241,"column":8}},{"start":{"line":241,"column":8},"end":{"line":241,"column":8}}]},"23":{"line":253,"type":"if","locations":[{"start":{"line":253,"column":70},"end":{"line":253,"column":70}},{"start":{"line":253,"column":70},"end":{"line":253,"column":70}}]},"24":{"line":264,"type":"if","locations":[{"start":{"line":264,"column":8},"end":{"line":264,"column":8}},{"start":{"line":264,"column":8},"end":{"line":264,"column":8}}]},"25":{"line":287,"type":"if","locations":[{"start":{"line":287,"column":12},"end":{"line":287,"column":12}},{"start":{"line":287,"column":12},"end":{"line":287,"column":12}}]},"26":{"line":298,"type":"if","locations":[{"start":{"line":298,"column":12},"end":{"line":298,"column":12}},{"start":{"line":298,"column":12},"end":{"line":298,"column":12}}]}}},
"contracts/PausableController.sol":{"l":{"30":9,"31":9,"39":3,"40":3,"47":3,"48":3,"50":3,"57":1,"58":1,"60":1,"69":398,"77":3,"78":11,"79":1,"82":2},"path":"/Users/marti/Documents/a/Blockchain/Group12/blockchain/contracts/PausableController.sol","s":{"1":9,"2":3,"3":3,"4":3,"5":1,"6":1,"7":398,"8":3,"9":11,"10":1,"11":2},"b":{"1":[9,1],"2":[3,1],"3":[3,2],"4":[1,2],"5":[1,10]},"f":{"1":231,"2":9,"3":3,"4":3,"5":1,"6":398,"7":3},"fnMap":{"1":{"name":"constructor","line":23,"loc":{"start":{"line":23,"column":4},"end":{"line":23,"column":39}}},"2":{"name":"pauseOperation","line":29,"loc":{"start":{"line":29,"column":4},"end":{"line":32,"column":4}}},"3":{"name":"unpauseOperation","line":38,"loc":{"start":{"line":38,"column":4},"end":{"line":41,"column":4}}},"4":{"name":"pauseAll","line":46,"loc":{"start":{"line":46,"column":4},"end":{"line":51,"column":4}}},"5":{"name":"unpauseAll","line":56,"loc":{"start":{"line":56,"column":4},"end":{"line":61,"column":4}}},"6":{"name":"isOperationPaused","line":68,"loc":{"start":{"line":68,"column":4},"end":{"line":70,"column":4}}},"7":{"name":"areAllPaused","line":76,"loc":{"start":{"line":76,"column":4},"end":{"line":83,"column":4}}}},"statementMap":{"1":{"start":{"line":31,"column":8},"end":{"line":31,"column":43}},"2":{"start":{"line":40,"column":8},"end":{"line":40,"column":45}},"3":{"start":{"line":47,"column":8},"end":{"line":47,"column":1530}},"4":{"start":{"line":50,"column":8},"end":{"line":50,"column":34}},"5":{"start":{"line":57,"column":8},"end":{"line":57,"column":1814}},"6":{"start":{"line":60,"column":8},"end":{"line":60,"column":36}},"7":{"start":{"line":69,"column":8},"end":{"line":69,"column":47}},"8":{"start":{"line":77,"column":8},"end":{"line":77,"column":2514}},"9":{"start":{"line":78,"column":12},"end":{"line":78,"column":2593}},"10":{"start":{"line":79,"column":16},"end":{"line":79,"column":28}},"11":{"start":{"line":82,"column":8},"end":{"line":82,"column":19}}},"branchMap":{"1":{"line":29,"type":"if","locations":[{"start":{"line":29,"column":66},"end":{"line":29,"column":66}},{"start":{"line":29,"column":66},"end":{"line":29,"column":66}}]},"2":{"line":38,"type":"if","locations":[{"start":{"line":38,"column":68},"end":{"line":38,"column":68}},{"start":{"line":38,"column":68},"end":{"line":38,"column":68}}]},"3":{"line":46,"type":"if","locations":[{"start":{"line":46,"column":33},"end":{"line":46,"column":33}},{"start":{"line":46,"column":33},"end":{"line":46,"column":33}}]},"4":{"line":56,"type":"if","locations":[{"start":{"line":56,"column":35},"end":{"line":56,"column":35}},{"start":{"line":56,"column":35},"end":{"line":56,"column":35}}]},"5":{"line":78,"type":"if","locations":[{"start":{"line":78,"column":12},"end":{"line":78,"column":12}},{"start":{"line":78,"column":12},"end":{"line":78,"column":12}}]}}},
"contracts/RentableBook.sol":{"l":{"36":233,"48":96,"52":88,"68":187,"70":186,"71":186,"72":186,"74":186,"81":186,"82":186,"90":46,"91":44,"95":43,"97":43,"100":42,"103":42,"106":42,"107":42,"110":42,"113":42,"114":1,"117":42,"125":22,"127":22,"130":22,"132":22,"133":22,"136":22,"137":22,"140":22,"143":22,"144":8,"148":22,"149":21,"152":22,"160":6,"161":6,"164":5,"166":5,"167":5,"170":5,"171":5,"174":5,"176":5,"177":4,"181":5,"183":4,"184":4,"187":4,"190":4,"192":4,"203":10,"204":9,"212":4,"213":3,"223":51,"224":51,"225":51},"path":"/Users/marti/Documents/a/Blockchain/Group12/blockchain/contracts/RentableBook.sol","s":{"1":96,"2":187,"3":186,"4":186,"5":186,"6":186,"7":46,"8":44,"9":43,"10":43,"11":42,"12":42,"13":1,"14":42,"15":22,"16":22,"17":22,"18":22,"19":22,"20":8,"21":22,"22":21,"23":22,"24":6,"25":6,"26":5,"27":5,"28":5,"29":5,"30":4,"31":5,"32":4,"33":4,"34":4,"35":4,"36":4,"37":10,"38":9,"39":4,"40":51},"b":{"1":[88,8],"2":[187,1],"3":[186,1],"4":[46,3],"5":[44,2],"6":[43,1],"7":[42,1],"8":[1,41],"9":[22,2],"10":[8,14],"11":[21,1],"12":[6,1],"13":[5,1],"14":[4,1],"15":[4,1],"16":[10,1],"17":[9,1],"18":[4,1],"19":[3,1]},"f":{"1":233,"2":96,"3":187,"4":46,"5":22,"6":6,"7":10,"8":4,"9":51},"fnMap":{"1":{"name":"constructor","line":35,"loc":{"start":{"line":35,"column":4},"end":{"line":37,"column":4}}},"2":{"name":"onlyAuthorized","line":47,"loc":{"start":{"line":47,"column":4},"end":{"line":53,"column":4}}},"3":{"name":"createRentableBook","line":67,"loc":{"start":{"line":62,"column":4},"end":{"line":83,"column":4}}},"4":{"name":"borrowBook","line":89,"loc":{"start":{"line":89,"column":4},"end":{"line":118,"column":4}}},"5":{"name":"returnBook","line":124,"loc":{"start":{"line":124,"column":4},"end":{"line":153,"column":4}}},"6":{"name":"returnOverdueBook","line":159,"loc":{"start":{"line":159,"column":4},"end":{"line":194,"column":4}}},"7":{"name":"rateBook","line":202,"loc":{"start":{"line":202,"column":4},"end":{"line":205,"column":4}}},"8":{"name":"setReturnerRewardPercentage","line":211,"loc":{"start":{"line":211,"column":4},"end":{"line":214,"column":4}}},"9":{"name":"getFullBookData","line":222,"loc":{"start":{"line":222,"column":4},"end":{"line":226,"column":4}}}},"statementMap":{"1":{"start":{"line":48,"column":8},"end":{"line":48,"column":1736}},"2":{"start":{"line":68,"column":8},"end":{"line":68,"column":97}},"3":{"start":{"line":70,"column":8},"end":{"line":70,"column":40}},"4":{"start":{"line":72,"column":8},"end":{"line":72,"column":52}},"5":{"start":{"line":81,"column":8},"end":{"line":81,"column":71}},"6":{"start":{"line":82,"column":8},"end":{"line":82,"column":22}},"7":{"start":{"line":90,"column":8},"end":{"line":90,"column":98}},"8":{"start":{"line":91,"column":8},"end":{"line":91,"column":96}},"9":{"start":{"line":95,"column":8},"end":{"line":95,"column":53}},"10":{"start":{"line":97,"column":8},"end":{"line":97,"column":87}},"11":{"start":{"line":100,"column":8},"end":{"line":100,"column":75}},"12":{"start":{"line":113,"column":8},"end":{"line":113,"column":4058}},"13":{"start":{"line":114,"column":12},"end":{"line":114,"column":71}},"14":{"start":{"line":117,"column":8},"end":{"line":117,"column":53}},"15":{"start":{"line":125,"column":8},"end":{"line":125,"column":53}},"16":{"start":{"line":127,"column":8},"end":{"line":127,"column":50}},"17":{"start":{"line":130,"column":8},"end":{"line":130,"column":30}},"18":{"start":{"line":132,"column":8},"end":{"line":132,"column":76}},"19":{"start":{"line":143,"column":8},"end":{"line":143,"column":4992}},"20":{"start":{"line":144,"column":12},"end":{"line":144,"column":90}},"21":{"start":{"line":148,"column":8},"end":{"line":148,"column":5260}},"22":{"start":{"line":149,"column":12},"end":{"line":149,"column":52}},"23":{"start":{"line":152,"column":8},"end":{"line":152,"column":44}},"24":{"start":{"line":160,"column":8},"end":{"line":160,"column":53}},"25":{"start":{"line":161,"column":8},"end":{"line":161,"column":83}},"26":{"start":{"line":164,"column":8},"end":{"line":164,"column":76}},"27":{"start":{"line":166,"column":8},"end":{"line":166,"column":42}},"28":{"start":{"line":167,"column":8},"end":{"line":167,"column":50}},"29":{"start":{"line":176,"column":8},"end":{"line":176,"column":6149}},"30":{"start":{"line":177,"column":12},"end":{"line":177,"column":90}},"31":{"start":{"line":181,"column":8},"end":{"line":181,"column":6338}},"32":{"start":{"line":183,"column":12},"end":{"line":183,"column":83}},"33":{"start":{"line":184,"column":12},"end":{"line":184,"column":62}},"34":{"start":{"line":187,"column":12},"end":{"line":187,"column":49}},"35":{"start":{"line":190,"column":12},"end":{"line":190,"column":58}},"36":{"start":{"line":192,"column":12},"end":{"line":192,"column":82}},"37":{"start":{"line":203,"column":8},"end":{"line":203,"column":94}},"38":{"start":{"line":204,"column":8},"end":{"line":204,"column":41}},"39":{"start":{"line":212,"column":8},"end":{"line":212,"column":87}},"40":{"start":{"line":225,"column":8},"end":{"line":225,"column":37}}},"branchMap":{"1":{"line":48,"type":"if","locations":[{"start":{"line":48,"column":8},"end":{"line":48,"column":8}},{"start":{"line":48,"column":8},"end":{"line":48,"column":8}}]},"2":{"line":67,"type":"if","locations":[{"start":{"line":67,"column":13},"end":{"line":67,"column":13}},{"start":{"line":67,"column":13},"end":{"line":67,"column":13}}]},"3":{"line":68,"type":"if","locations":[{"start":{"line":68,"column":8},"end":{"line":68,"column":8}},{"start":{"line":68,"column":8},"end":{"line":68,"column":8}}]},"4":{"line":89,"type":"if","locations":[{"start":{"line":89,"column":74},"end":{"line":89,"column":74}},{"start":{"line":89,"column":74},"end":{"line":89,"column":74}}]},"5":{"line":90,"type":"if","locations":[{"start":{"line":90,"column":8},"end":{"line":90,"column":8}},{"start":{"line":90,"column":8},"end":{"line":90,"column":8}}]},"6":{"line":91,"type":"if","locations":[{"start":{"line":91,"column":8},"end":{"line":91,"column":8}},{"start":{"line":91,"column":8},"end":{"line":91,"column":8}}]},"7":{"line":97,"type":"if","locations":[{"start":{"line":97,"column":8},"end":{"line":97,"column":8}},{"start":{"line":97,"column":8},"end":{"line":97,"column":8}}]},"8":{"line":113,"type":"if","locations":[{"start":{"line":113,"column":8},"end":{"line":113,"column":8}},{"start":{"line":113,"column":8},"end":{"line":113,"column":8}}]},"9":{"line":124,"type":"if","locations":[{"start":{"line":124,"column":59},"end":{"line":124,"column":59}},{"start":{"line":124,"column":59},"end":{"line":124,"column":59}}]},"10":{"line":143,"type":"if","locations":[{"start":{"line":143,"column":8},"end":{"line":143,"column":8}},{"start":{"line":143,"column":8},"end":{"line":143,"column":8}}]},"11":{"line":148,"type":"if","locations":[{"start":{"line":148,"column":8},"end":{"line":148,"column":8}},{"start":{"line":148,"column":8},"end":{"line":148,"column":8}}]},"12":{"line":159,"type":"if","locations":[{"start":{"line":159,"column":71},"end":{"line":159,"column":71}},{"start":{"line":159,"column":71},"end":{"line":159,"column":71}}]},"13":{"line":161,"type":"if","locations":[{"start":{"line":161,"column":8},"end":{"line":161,"column":8}},{"start":{"line":161,"column":8},"end":{"line":161,"column":8}}]},"14":{"line":176,"type":"if","locations":[{"start":{"line":176,"column":8},"end":{"line":176,"column":8}},{"start":{"line":176,"column":8},"end":{"line":176,"column":8}}]},"15":{"line":181,"type":"if","locations":[{"start":{"line":181,"column":8},"end":{"line":181,"column":8}},{"start":{"line":181,"column":8},"end":{"line":181,"column":8}}]},"16":{"line":202,"type":"if","locations":[{"start":{"line":202,"column":77},"end":{"line":202,"column":77}},{"start":{"line":202,"column":77},"end":{"line":202,"column":77}}]},"17":{"line":203,"type":"if","locations":[{"start":{"line":203,"column":8},"end":{"line":203,"column":8}},{"start":{"line":203,"column":8},"end":{"line":203,"column":8}}]},"18":{"line":211,"type":"if","locations":[{"start":{"line":211,"column":61},"end":{"line":211,"column":61}},{"start":{"line":211,"column":61},"end":{"line":211,"column":61}}]},"19":{"line":212,"type":"if","locations":[{"start":{"line":212,"column":8},"end":{"line":212,"column":8}},{"start":{"line":212,"column":8},"end":{"line":212,"column":8}}]}}},
"contracts/SellableBook.sol":{"l":{"37":233,"41":21,"45":19,"60":89,"63":88,"64":88,"65":88,"67":88,"72":88,"73":88,"81":14,"82":14,"83":13,"85":12,"86":12,"88":11,"91":11,"94":11,"97":11,"100":11,"103":11,"104":1,"107":11,"117":5,"118":4,"129":6,"130":6,"131":6},"path":"/Users/marti/Documents/a/Blockchain/Group12/blockchain/contracts/SellableBook.sol","s":{"1":21,"2":89,"3":88,"4":88,"5":88,"6":88,"7":14,"8":14,"9":13,"10":12,"11":12,"12":11,"13":11,"14":11,"15":11,"16":1,"17":11,"18":5,"19":4,"20":6},"b":{"1":[19,2],"2":[89,3],"3":[88,1],"4":[14,1],"5":[13,1],"6":[12,1],"7":[11,1],"8":[1,10],"9":[5,1],"10":[4,1]},"f":{"1":233,"2":21,"3":89,"4":14,"5":5,"6":6},"fnMap":{"1":{"name":"constructor","line":36,"loc":{"start":{"line":36,"column":4},"end":{"line":38,"column":4}}},"2":{"name":"onlyAuthorized","line":40,"loc":{"start":{"line":40,"column":4},"end":{"line":46,"column":4}}},"3":{"name":"createSellableBook","line":59,"loc":{"start":{"line":55,"column":4},"end":{"line":74,"column":4}}},"4":{"name":"buyBook","line":80,"loc":{"start":{"line":80,"column":4},"end":{"line":108,"column":4}}},"5":{"name":"rateBook","line":116,"loc":{"start":{"line":116,"column":4},"end":{"line":119,"column":4}}},"6":{"name":"getFullBookData","line":128,"loc":{"start":{"line":128,"column":4},"end":{"line":132,"column":4}}}},"statementMap":{"1":{"start":{"line":41,"column":8},"end":{"line":41,"column":1334}},"2":{"start":{"line":60,"column":8},"end":{"line":60,"column":74}},"3":{"start":{"line":63,"column":8},"end":{"line":63,"column":40}},"4":{"start":{"line":65,"column":8},"end":{"line":65,"column":52}},"5":{"start":{"line":72,"column":8},"end":{"line":72,"column":48}},"6":{"start":{"line":73,"column":8},"end":{"line":73,"column":22}},"7":{"start":{"line":81,"column":8},"end":{"line":81,"column":47}},"8":{"start":{"line":82,"column":8},"end":{"line":82,"column":65}},"9":{"start":{"line":83,"column":8},"end":{"line":83,"column":77}},"10":{"start":{"line":85,"column":8},"end":{"line":85,"column":41}},"11":{"start":{"line":86,"column":8},"end":{"line":86,"column":80}},"12":{"start":{"line":88,"column":8},"end":{"line":88,"column":38}},"13":{"start":{"line":97,"column":8},"end":{"line":97,"column":40}},"14":{"start":{"line":100,"column":8},"end":{"line":100,"column":42}},"15":{"start":{"line":103,"column":8},"end":{"line":103,"column":3252}},"16":{"start":{"line":104,"column":12},"end":{"line":104,"column":57}},"17":{"start":{"line":107,"column":8},"end":{"line":107,"column":56}},"18":{"start":{"line":117,"column":8},"end":{"line":117,"column":92}},"19":{"start":{"line":118,"column":8},"end":{"line":118,"column":41}},"20":{"start":{"line":131,"column":8},"end":{"line":131,"column":35}}},"branchMap":{"1":{"line":41,"type":"if","locations":[{"start":{"line":41,"column":8},"end":{"line":41,"column":8}},{"start":{"line":41,"column":8},"end":{"line":41,"column":8}}]},"2":{"line":59,"type":"if","locations":[{"start":{"line":59,"column":13},"end":{"line":59,"column":13}},{"start":{"line":59,"column":13},"end":{"line":59,"column":13}}]},"3":{"line":60,"type":"if","locations":[{"start":{"line":60,"column":8},"end":{"line":60,"column":8}},{"start":{"line":60,"column":8},"end":{"line":60,"column":8}}]},"4":{"line":80,"type":"if","locations":[{"start":{"line":80,"column":67},"end":{"line":80,"column":67}},{"start":{"line":80,"column":67},"end":{"line":80,"column":67}}]},"5":{"line":82,"type":"if","locations":[{"start":{"line":82,"column":8},"end":{"line":82,"column":8}},{"start":{"line":82,"column":8},"end":{"line":82,"column":8}}]},"6":{"line":83,"type":"if","locations":[{"start":{"line":83,"column":8},"end":{"line":83,"column":8}},{"start":{"line":83,"column":8},"end":{"line":83,"column":8}}]},"7":{"line":86,"type":"if","locations":[{"start":{"line":86,"column":8},"end":{"line":86,"column":8}},{"start":{"line":86,"column":8},"end":{"line":86,"column":8}}]},"8":{"line":103,"type":"if","locations":[{"start":{"line":103,"column":8},"end":{"line":103,"column":8}},{"start":{"line":103,"column":8},"end":{"line":103,"column":8}}]},"9":{"line":116,"type":"if","locations":[{"start":{"line":116,"column":77},"end":{"line":116,"column":77}},{"start":{"line":116,"column":77},"end":{"line":116,"column":77}}]},"10":{"line":117,"type":"if","locations":[{"start":{"line":117,"column":8},"end":{"line":117,"column":8}},{"start":{"line":117,"column":8},"end":{"line":117,"column":8}}]}}},
"contracts/User.sol":{"l":{"47":1155,"51":122,"57":1505,"62":1492,"66":70,"67":68,"76":1003,"83":1003,"85":1003,"90":389,"91":18,"94":371,"97":371,"98":218,"99":218,"103":371,"104":3,"105":3,"107":368,"115":395,"116":395,"117":395,"126":8,"127":8,"128":8,"140":15,"141":15,"144":15,"145":12,"148":3,"152":15,"154":15,"155":4,"157":11,"160":15,"168":3,"171":2,"173":2,"182":1341,"191":1663,"200":638,"209":65,"211":64,"214":64,"216":64,"224":264,"232":316,"240":1,"248":1,"253":395,"257":8},"path":"/Users/marti/Documents/a/Blockchain/Group12/blockchain/contracts/User.sol","s":{"1":122,"2":1505,"3":70,"4":1003,"5":1003,"6":389,"7":18,"8":371,"9":371,"10":371,"11":3,"12":3,"13":368,"14":395,"15":395,"16":8,"17":8,"18":15,"19":15,"20":15,"21":15,"22":15,"23":4,"24":15,"25":3,"26":2,"27":1341,"28":1663,"29":638,"30":65,"31":64,"32":64,"33":264,"34":316,"35":1,"36":1},"b":{"1":[1155,2],"2":[1492,13],"3":[1030,462],"4":[68,2],"5":[1003,2],"6":[18,371],"7":[218,153],"8":[3,368],"9":[395,2],"10":[8,2],"11":[15,1],"12":[12,3],"13":[4,11],"14":[4,2],"15":[3,1],"16":[2,1],"17":[66,3],"18":[65,1],"19":[64,1],"20":[1,1]},"f":{"1":1155,"2":122,"3":231,"4":1505,"5":70,"6":1003,"7":389,"8":395,"9":8,"10":15,"11":3,"12":1341,"13":1663,"14":638,"15":65,"16":264,"17":316,"18":1,"19":1,"20":395,"21":8},"fnMap":{"1":{"name":"addAuthorizedContract","line":46,"loc":{"start":{"line":46,"column":4},"end":{"line":48,"column":4}}},"2":{"name":"isAuthorizedContract","line":50,"loc":{"start":{"line":50,"column":4},"end":{"line":52,"column":4}}},"3":{"name":"constructor","line":54,"loc":{"start":{"line":54,"column":4},"end":{"line":55,"column":4}}},"4":{"name":"onlyAuthorizedOrOwner","line":56,"loc":{"start":{"line":56,"column":4},"end":{"line":63,"column":4}}},"5":{"name":"onlyRegistered","line":65,"loc":{"start":{"line":65,"column":4},"end":{"line":68,"column":4}}},"6":{"name":"registerUser","line":73,"loc":{"start":{"line":73,"column":4},"end":{"line":86,"column":4}}},"7":{"name":"checkIfSpam","line":88,"loc":{"start":{"line":88,"column":4},"end":{"line":108,"column":4}}},"8":{"name":"addSystemOwner","line":113,"loc":{"start":{"line":113,"column":4},"end":{"line":118,"column":4}}},"9":{"name":"removeSystemOwner","line":124,"loc":{"start":{"line":124,"column":4},"end":{"line":129,"column":4}}},"10":{"name":"decreaseTrustLevel","line":136,"loc":{"start":{"line":136,"column":4},"end":{"line":161,"column":4}}},"11":{"name":"unbanUser","line":167,"loc":{"start":{"line":167,"column":4},"end":{"line":174,"column":4}}},"12":{"name":"isSystemOwner","line":181,"loc":{"start":{"line":181,"column":4},"end":{"line":183,"column":4}}},"13":{"name":"isRegistered","line":190,"loc":{"start":{"line":190,"column":4},"end":{"line":192,"column":4}}},"14":{"name":"isBanned","line":199,"loc":{"start":{"line":199,"column":4},"end":{"line":201,"column":4}}},"15":{"name":"banUser","line":207,"loc":{"start":{"line":207,"column":4},"end":{"line":217,"column":4}}},"16":{"name":"getTrustLevel","line":223,"loc":{"start":{"line":223,"column":4},"end":{"line":225,"column":4}}},"17":{"name":"getSystemOwnerCount","line":231,"loc":{"start":{"line":231,"column":4},"end":{"line":233,"column":4}}},"18":{"name":"getAllUsers","line":239,"loc":{"start":{"line":239,"column":4},"end":{"line":241,"column":4}}},"19":{"name":"totalUsers","line":247,"loc":{"start":{"line":247,"column":4},"end":{"line":249,"column":4}}},"20":{"name":"_incrementSystemOwnerCount","line":252,"loc":{"start":{"line":252,"column":4},"end":{"line":254,"column":4}}},"21":{"name":"_decrementSystemOwnerCount","line":256,"loc":{"start":{"line":256,"column":4},"end":{"line":259,"column":4}}}},"statementMap":{"1":{"start":{"line":51,"column":8},"end":{"line":51,"column":52}},"2":{"start":{"line":57,"column":8},"end":{"line":57,"column":1834}},"3":{"start":{"line":66,"column":8},"end":{"line":66,"column":64}},"4":{"start":{"line":83,"column":8},"end":{"line":83,"column":27}},"5":{"start":{"line":85,"column":8},"end":{"line":85,"column":33}},"6":{"start":{"line":90,"column":8},"end":{"line":90,"column":2748}},"7":{"start":{"line":91,"column":12},"end":{"line":91,"column":23}},"8":{"start":{"line":94,"column":8},"end":{"line":94,"column":62}},"9":{"start":{"line":97,"column":8},"end":{"line":97,"column":2951}},"10":{"start":{"line":103,"column":8},"end":{"line":103,"column":3212}},"11":{"start":{"line":104,"column":12},"end":{"line":104,"column":60}},"12":{"start":{"line":105,"column":12},"end":{"line":105,"column":24}},"13":{"start":{"line":107,"column":8},"end":{"line":107,"column":19}},"14":{"start":{"line":116,"column":8},"end":{"line":116,"column":35}},"15":{"start":{"line":117,"column":8},"end":{"line":117,"column":35}},"16":{"start":{"line":127,"column":8},"end":{"line":127,"column":35}},"17":{"start":{"line":128,"column":8},"end":{"line":128,"column":37}},"18":{"start":{"line":140,"column":8},"end":{"line":140,"column":48}},"19":{"start":{"line":141,"column":8},"end":{"line":141,"column":22}},"20":{"start":{"line":144,"column":8},"end":{"line":144,"column":4517}},"21":{"start":{"line":152,"column":8},"end":{"line":152,"column":44}},"22":{"start":{"line":154,"column":8},"end":{"line":154,"column":4812}},"23":{"start":{"line":155,"column":12},"end":{"line":155,"column":24}},"24":{"start":{"line":160,"column":8},"end":{"line":160,"column":68}},"25":{"start":{"line":168,"column":8},"end":{"line":168,"column":66}},"26":{"start":{"line":173,"column":8},"end":{"line":173,"column":43}},"27":{"start":{"line":182,"column":8},"end":{"line":182,"column":41}},"28":{"start":{"line":191,"column":8},"end":{"line":191,"column":40}},"29":{"start":{"line":200,"column":8},"end":{"line":200,"column":72}},"30":{"start":{"line":209,"column":8},"end":{"line":209,"column":72}},"31":{"start":{"line":211,"column":8},"end":{"line":211,"column":48}},"32":{"start":{"line":216,"column":8},"end":{"line":216,"column":76}},"33":{"start":{"line":224,"column":8},"end":{"line":224,"column":38}},"34":{"start":{"line":232,"column":8},"end":{"line":232,"column":32}},"35":{"start":{"line":240,"column":8},"end":{"line":240,"column":24}},"36":{"start":{"line":248,"column":8},"end":{"line":248,"column":31}}},"branchMap":{"1":{"line":46,"type":"if","locations":[{"start":{"line":46,"column":69},"end":{"line":46,"column":69}},{"start":{"line":46,"column":69},"end":{"line":46,"column":69}}]},"2":{"line":57,"type":"if","locations":[{"start":{"line":57,"column":8},"end":{"line":57,"column":8}},{"start":{"line":57,"column":8},"end":{"line":57,"column":8}}]},"3":{"line":58,"type":"cond-expr","locations":[{"start":{"line":58,"column":12},"end":{"line":58,"column":43}},{"start":{"line":59,"column":12},"end":{"line":59,"column":32}}]},"4":{"line":66,"type":"if","locations":[{"start":{"line":66,"column":8},"end":{"line":66,"column":8}},{"start":{"line":66,"column":8},"end":{"line":66,"column":8}}]},"5":{"line":73,"type":"if","locations":[{"start":{"line":73,"column":47},"end":{"line":73,"column":47}},{"start":{"line":73,"column":47},"end":{"line":73,"column":47}}]},"6":{"line":90,"type":"if","locations":[{"start":{"line":90,"column":8},"end":{"line":90,"column":8}},{"start":{"line":90,"column":8},"end":{"line":90,"column":8}}]},"7":{"line":97,"type":"if","locations":[{"start":{"line":97,"column":8},"end":{"line":97,"column":8}},{"start":{"line":97,"column":8},"end":{"line":97,"column":8}}]},"8":{"line":103,"type":"if","locations":[{"start":{"line":103,"column":8},"end":{"line":103,"column":8}},{"start":{"line":103,"column":8},"end":{"line":103,"column":8}}]},"9":{"line":113,"type":"if","locations":[{"start":{"line":113,"column":51},"end":{"line":113,"column":51}},{"start":{"line":113,"column":51},"end":{"line":113,"column":51}}]},"10":{"line":124,"type":"if","locations":[{"start":{"line":124,"column":52},"end":{"line":124,"column":52}},{"start":{"line":124,"column":52},"end":{"line":124,"column":52}}]},"11":{"line":136,"type":"if","locations":[{"start":{"line":136,"column":82},"end":{"line":136,"column":82}},{"start":{"line":136,"column":82},"end":{"line":136,"column":82}}]},"12":{"line":144,"type":"if","locations":[{"start":{"line":144,"column":8},"end":{"line":144,"column":8}},{"start":{"line":144,"column":8},"end":{"line":144,"column":8}}]},"13":{"line":154,"type":"if","locations":[{"start":{"line":154,"column":8},"end":{"line":154,"column":8}},{"start":{"line":154,"column":8},"end":{"line":154,"column":8}}]},"14":{"line":167,"type":"if","locations":[{"start":{"line":167,"column":44},"end":{"line":167,"column":44}},{"start":{"line":167,"column":44},"end":{"line":167,"column":44}}]},"15":{"line":167,"type":"if","locations":[{"start":{"line":167,"column":66},"end":{"line":167,"column":66}},{"start":{"line":167,"column":66},"end":{"line":167,"column":66}}]},"16":{"line":168,"type":"if","locations":[{"start":{"line":168,"column":8},"end":{"line":168,"column":8}},{"start":{"line":168,"column":8},"end":{"line":168,"column":8}}]},"17":{"line":207,"type":"if","locations":[{"start":{"line":207,"column":42},"end":{"line":207,"column":42}},{"start":{"line":207,"column":42},"end":{"line":207,"column":42}}]},"18":{"line":207,"type":"if","locations":[{"start":{"line":207,"column":64},"end":{"line":207,"column":64}},{"start":{"line":207,"column":64},"end":{"line":207,"column":64}}]},"19":{"line":209,"type":"if","locations":[{"start":{"line":209,"column":8},"end":{"line":209,"column":8}},{"start":{"line":209,"column":8},"end":{"line":209,"column":8}}]},"20":{"line":239,"type":"if","locations":[{"start":{"line":239,"column":41},"end":{"line":239,"column":41}},{"start":{"line":239,"column":41},"end":{"line":239,"column":41}}]}}}}
