TN:
SF:/Users/marti/Documents/a/Blockchain/Group12/blockchain/contracts/Book.sol
FN:30,constructor
FN:33,_registerBook
FN:47,getBookData
FN:52,getBookRating
FN:62,hasRatedBook
FN:67,_addRating
FNF:6
FNH:6
FNDA:466,constructor
FNDA:274,_registerBook
FNDA:57,getBookData
FNDA:6,getBookRating
FNDA:2,hasRatedBook
FNDA:13,_addRating
DA:34,274
DA:35,274
DA:37,274
DA:43,274
DA:48,57
DA:53,6
DA:55,6
DA:56,1
DA:59,5
DA:63,2
DA:68,13
DA:69,12
DA:71,10
DA:72,10
DA:73,10
DA:74,10
DA:76,10
LF:17
LH:17
BRDA:55,1,0,1
BRDA:55,1,1,5
BRDA:68,2,0,12
BRDA:68,2,1,1
BRDA:69,3,0,10
BRDA:69,3,1,2
BRF:6
BRH:6
end_of_record
TN:
SF:/Users/marti/Documents/a/Blockchain/Group12/blockchain/contracts/BookFactory.sol
FN:38,constructor
FN:51,getBookContractAddresses
FN:68,createRentableBook
FN:102,createSellableBook
FN:130,getBookInfo
FN:144,getBookContract
FN:161,getAllBookIds
FN:171,getBookIdsPaginated
FN:195,totalBooks
FNF:9
FNH:9
FNDA:233,constructor
FNDA:235,getBookContractAddresses
FNDA:187,createRentableBook
FNDA:89,createSellableBook
FNDA:140,getBookInfo
FNDA:127,getBookContract
FNDA:17,getAllBookIds
FNDA:5,getBookIdsPaginated
FNDA:2,totalBooks
DA:39,233
DA:40,233
DA:41,233
DA:43,233
DA:52,235
DA:70,187
DA:78,186
DA:84,186
DA:86,186
DA:88,186
DA:104,89
DA:111,88
DA:117,88
DA:119,88
DA:121,88
DA:134,140
DA:135,140
DA:148,127
DA:150,127
DA:151,99
DA:153,28
DA:162,17
DA:172,5
DA:173,1
DA:176,4
DA:177,4
DA:178,2
DA:181,4
DA:182,4
DA:184,4
DA:185,4
DA:188,4
DA:196,2
LF:33
LH:33
BRDA:51,1,0,235
BRDA:51,1,1,1
BRDA:68,2,0,187
BRDA:68,2,1,2
BRDA:102,3,0,89
BRDA:102,3,1,1
BRDA:130,4,0,140
BRDA:130,4,1,1
BRDA:144,5,0,127
BRDA:144,5,1,1
BRDA:150,6,0,99
BRDA:150,6,1,28
BRDA:161,7,0,17
BRDA:161,7,1,1
BRDA:171,8,0,5
BRDA:171,8,1,1
BRDA:172,9,0,1
BRDA:172,9,1,4
BRDA:177,10,0,2
BRDA:177,10,1,2
BRDA:195,11,0,2
BRDA:195,11,1,1
BRF:22
BRH:22
end_of_record
TN:
SF:/Users/marti/Documents/a/Blockchain/Group12/blockchain/contracts/LibraryManagerContract.sol
FN:31,constructor
FN:34,initialize
FN:59,onlyRegistered
FN:64,notBanned
FN:69,bookExists
FN:75,onlySystemOwner
FN:81,whenNotPaused
FN:89,registerUser
FN:106,createRentableBook
FN:122,createSellableBook
FN:133,borrowBook
FN:151,returnBook
FN:184,buyBook
FN:205,rateRentableBook
FN:226,rateSellableBook
FN:248,getBookRating
FN:263,hasUserRatedBook
FN:278,pauseOperation
FN:286,unpauseOperation
FN:293,pauseAll
FN:300,unpauseAll
FN:309,isOperationPaused
FN:317,areAllPaused
FN:328,getBookDetails
FN:358,getAllBookIds
FN:368,getBookIdsPaginated
FN:376,setReturnerRewardPercentage
FN:386,proposeAddOwner
FN:394,proposeRemoveOwner
FN:402,approveProposal
FN:406,hasVoted
FN:411,getProposalInfo
FN:426,rejectProposal
FN:434,canExecuteProposal
FN:442,getPendingProposals
FN:451,unbanUser
FN:459,banUser
FN:471,getUserInfo
FN:493,getTotalBooks
FN:500,getAllUsers
FN:508,getTotalUsers
FNF:41
FNH:41
FNDA:231,constructor
FNDA:231,initialize
FNDA:420,onlyRegistered
FNDA:374,notBanned
FNDA:140,bookExists
FNDA:448,onlySystemOwner
FNDA:377,whenNotPaused
FNDA:782,registerUser
FNDA:187,createRentableBook
FNDA:89,createSellableBook
FNDA:48,borrowBook
FNDA:33,returnBook
FNDA:15,buyBook
FNDA:11,rateRentableBook
FNDA:6,rateSellableBook
FNDA:6,getBookRating
FNDA:2,hasUserRatedBook
FNDA:9,pauseOperation
FNDA:3,unpauseOperation
FNDA:3,pauseAll
FNDA:1,unpauseAll
FNDA:21,isOperationPaused
FNDA:3,areAllPaused
FNDA:6,getBookDetails
FNDA:17,getAllBookIds
FNDA:5,getBookIdsPaginated
FNDA:4,setReturnerRewardPercentage
FNDA:193,proposeAddOwner
FNDA:33,proposeRemoveOwner
FNDA:79,approveProposal
FNDA:2,hasVoted
FNDA:2,getProposalInfo
FNDA:18,rejectProposal
FNDA:5,canExecuteProposal
FNDA:4,getPendingProposals
FNDA:4,unbanUser
FNDA:62,banUser
FNDA:269,getUserInfo
FNDA:2,getTotalBooks
FNDA:1,getAllUsers
FNDA:1,getTotalUsers
DA:40,231
DA:41,231
DA:42,231
DA:43,231
DA:46,231
DA:48,231
DA:49,231
DA:51,231
DA:52,231
DA:53,231
DA:54,231
DA:55,231
DA:60,420
DA:61,409
DA:65,374
DA:66,364
DA:70,140
DA:71,140
DA:72,130
DA:76,448
DA:77,423
DA:82,377
DA:83,372
DA:90,782
DA:91,772
DA:92,772
DA:107,187
DA:108,187
DA:109,186
DA:110,186
DA:123,89
DA:124,89
DA:125,88
DA:126,88
DA:134,48
DA:135,48
DA:138,48
DA:141,46
DA:142,46
DA:144,42
DA:152,33
DA:153,33
DA:156,33
DA:158,31
DA:161,31
DA:163,31
DA:165,22
DA:166,22
DA:169,9
DA:170,9
DA:172,6
DA:175,6
DA:176,5
DA:185,15
DA:186,15
DA:188,15
DA:191,15
DA:194,14
DA:195,14
DA:197,11
DA:206,11
DA:207,11
DA:210,11
DA:213,10
DA:216,10
DA:218,7
DA:227,6
DA:228,6
DA:231,6
DA:234,5
DA:237,5
DA:239,3
DA:249,6
DA:252,6
DA:254,6
DA:264,2
DA:267,2
DA:269,2
DA:279,9
DA:287,3
DA:294,3
DA:301,1
DA:310,21
DA:318,3
DA:333,6
DA:335,6
DA:336,4
DA:337,4
DA:341,4
DA:343,2
DA:344,2
DA:348,2
DA:351,6
DA:359,17
DA:369,5
DA:377,4
DA:378,4
DA:379,4
DA:387,193
DA:395,33
DA:403,79
DA:407,2
DA:419,2
DA:427,18
DA:435,5
DA:443,4
DA:452,4
DA:460,62
DA:477,269
DA:480,269
DA:481,264
DA:482,264
DA:483,264
DA:486,269
DA:494,2
DA:501,1
DA:509,1
LF:117
LH:117
BRDA:60,1,0,409
BRDA:60,1,1,11
BRDA:65,2,0,364
BRDA:65,2,1,10
BRDA:71,3,0,130
BRDA:71,3,1,10
BRDA:76,4,0,423
BRDA:76,4,1,25
BRDA:82,5,0,372
BRDA:82,5,1,5
BRDA:90,6,0,772
BRDA:90,6,1,10
BRDA:106,7,0,191
BRDA:106,7,1,2
BRDA:106,8,0,188
BRDA:106,8,1,3
BRDA:106,9,0,187
BRDA:106,9,1,1
BRDA:122,10,0,92
BRDA:122,10,1,3
BRDA:122,11,0,90
BRDA:122,11,1,2
BRDA:122,12,0,89
BRDA:122,12,1,1
BRDA:133,13,0,52
BRDA:133,13,1,1
BRDA:133,14,0,50
BRDA:133,14,1,2
BRDA:133,15,0,49
BRDA:133,15,1,1
BRDA:133,16,0,48
BRDA:133,16,1,1
BRDA:138,17,0,46
BRDA:138,17,1,2
BRDA:151,18,0,35
BRDA:151,18,1,1
BRDA:151,19,0,34
BRDA:151,19,1,1
BRDA:151,20,0,33
BRDA:151,20,1,1
BRDA:156,21,0,31
BRDA:156,21,1,2
BRDA:163,22,0,22
BRDA:163,22,1,9
BRDA:170,23,0,6
BRDA:170,23,1,3
BRDA:184,24,0,18
BRDA:184,24,1,2
BRDA:184,25,0,17
BRDA:184,25,1,1
BRDA:184,26,0,16
BRDA:184,26,1,1
BRDA:184,27,0,15
BRDA:184,27,1,1
BRDA:191,28,0,14
BRDA:191,28,1,1
BRDA:205,29,0,13
BRDA:205,29,1,1
BRDA:205,30,0,12
BRDA:205,30,1,1
BRDA:205,31,0,11
BRDA:205,31,1,1
BRDA:210,32,0,10
BRDA:210,32,1,1
BRDA:226,33,0,8
BRDA:226,33,1,1
BRDA:226,34,0,7
BRDA:226,34,1,1
BRDA:226,35,0,6
BRDA:226,35,1,1
BRDA:231,36,0,5
BRDA:231,36,1,1
BRDA:248,37,0,6
BRDA:248,37,1,2
BRDA:263,38,0,2
BRDA:263,38,1,1
BRDA:278,39,0,9
BRDA:278,39,1,1
BRDA:286,40,0,3
BRDA:286,40,1,1
BRDA:293,41,0,3
BRDA:293,41,1,1
BRDA:300,42,0,1
BRDA:300,42,1,2
BRDA:328,43,0,6
BRDA:328,43,1,2
BRDA:335,44,0,4
BRDA:335,44,1,2
BRDA:376,45,0,4
BRDA:376,45,1,2
BRDA:386,46,0,193
BRDA:386,46,1,3
BRDA:394,47,0,33
BRDA:394,47,1,1
BRDA:402,48,0,79
BRDA:402,48,1,3
BRDA:406,49,0,2
BRDA:406,49,1,1
BRDA:411,50,0,2
BRDA:411,50,1,1
BRDA:426,51,0,18
BRDA:426,51,1,2
BRDA:434,52,0,5
BRDA:434,52,1,1
BRDA:442,53,0,4
BRDA:442,53,1,1
BRDA:451,54,0,4
BRDA:451,54,1,2
BRDA:459,55,0,62
BRDA:459,55,1,2
BRDA:480,56,0,264
BRDA:480,56,1,5
BRDA:500,57,0,1
BRDA:500,57,1,1
BRF:114
BRH:114
end_of_record
TN:
SF:/Users/marti/Documents/a/Blockchain/Group12/blockchain/contracts/OwnerGovernance.sol
FN:51,constructor
FN:55,onlyAuthorized
FN:68,approveProposal
FN:94,rejectProposal
FN:121,proposeAddOwner
FN:147,getProposalInfo
FN:175,proposeRemoveOwner
FN:205,canExecute
FN:214,_canExecute
FN:236,_cannotReachQuorum
FN:253,hasVoted
FN:261,_executeProposal
FN:282,getPendingProposals
FNF:13
FNH:13
FNDA:231,constructor
FNDA:552,onlyAuthorized
FNDA:297,approveProposal
FNDA:18,rejectProposal
FNDA:193,proposeAddOwner
FNDA:2,getProposalInfo
FNDA:33,proposeRemoveOwner
FNDA:5,canExecute
FNDA:296,_canExecute
FNDA:14,_cannotReachQuorum
FNDA:2,hasVoted
FNDA:172,_executeProposal
FNDA:4,getPendingProposals
DA:52,231
DA:56,552
DA:60,545
DA:69,297
DA:71,296
DA:73,296
DA:74,294
DA:75,292
DA:78,291
DA:79,291
DA:81,291
DA:84,291
DA:85,172
DA:95,18
DA:97,17
DA:99,17
DA:100,16
DA:103,14
DA:104,14
DA:106,14
DA:109,14
DA:110,6
DA:111,6
DA:122,193
DA:123,192
DA:125,190
DA:128,190
DA:129,190
DA:130,190
DA:131,190
DA:132,190
DA:133,190
DA:134,190
DA:135,190
DA:136,190
DA:139,190
DA:141,190
DA:143,190
DA:155,2
DA:157,1
DA:159,1
DA:176,33
DA:177,31
DA:179,28
DA:182,28
DA:183,28
DA:184,28
DA:185,28
DA:186,28
DA:187,28
DA:188,28
DA:189,28
DA:190,28
DA:193,28
DA:195,28
DA:197,28
DA:206,5
DA:215,296
DA:217,296
DA:218,296
DA:220,296
DA:222,256
DA:226,40
DA:227,40
DA:237,14
DA:238,14
DA:239,14
DA:241,14
DA:244,12
DA:245,12
DA:249,2
DA:254,2
DA:255,2
DA:262,172
DA:264,172
DA:266,164
DA:269,8
DA:273,172
DA:275,172
DA:283,4
DA:286,4
DA:287,17
DA:288,4
DA:293,4
DA:294,4
DA:297,4
DA:298,17
DA:299,4
DA:300,4
DA:304,4
LF:90
LH:90
BRDA:56,1,0,545
BRDA:56,1,1,7
BRDA:68,2,0,297
BRDA:68,2,1,1
BRDA:69,3,0,296
BRDA:69,3,1,1
BRDA:73,4,0,294
BRDA:73,4,1,2
BRDA:74,5,0,292
BRDA:74,5,1,2
BRDA:75,6,0,291
BRDA:75,6,1,1
BRDA:84,7,0,172
BRDA:84,7,1,119
BRDA:94,8,0,18
BRDA:94,8,1,1
BRDA:95,9,0,17
BRDA:95,9,1,1
BRDA:99,10,0,16
BRDA:99,10,1,1
BRDA:100,11,0,14
BRDA:100,11,1,2
BRDA:109,12,0,6
BRDA:109,12,1,8
BRDA:121,13,0,193
BRDA:121,13,1,2
BRDA:122,14,0,192
BRDA:122,14,1,1
BRDA:123,15,0,190
BRDA:123,15,1,2
BRDA:147,16,0,2
BRDA:147,16,1,1
BRDA:155,17,0,1
BRDA:155,17,1,1
BRDA:175,18,0,33
BRDA:175,18,1,1
BRDA:176,19,0,31
BRDA:176,19,1,2
BRDA:177,20,0,28
BRDA:177,20,1,3
BRDA:220,21,0,256
BRDA:220,21,1,40
BRDA:241,22,0,12
BRDA:241,22,1,2
BRDA:253,23,0,2
BRDA:253,23,1,1
BRDA:264,24,0,164
BRDA:264,24,1,8
BRDA:287,25,0,4
BRDA:287,25,1,13
BRDA:298,26,0,4
BRDA:298,26,1,13
BRF:52
BRH:52
end_of_record
TN:
SF:/Users/marti/Documents/a/Blockchain/Group12/blockchain/contracts/PausableController.sol
FN:23,constructor
FN:29,pauseOperation
FN:38,unpauseOperation
FN:46,pauseAll
FN:56,unpauseAll
FN:68,isOperationPaused
FN:76,areAllPaused
FNF:7
FNH:7
FNDA:231,constructor
FNDA:9,pauseOperation
FNDA:3,unpauseOperation
FNDA:3,pauseAll
FNDA:1,unpauseAll
FNDA:398,isOperationPaused
FNDA:3,areAllPaused
DA:30,9
DA:31,9
DA:39,3
DA:40,3
DA:47,3
DA:48,3
DA:50,3
DA:57,1
DA:58,1
DA:60,1
DA:69,398
DA:77,3
DA:78,11
DA:79,1
DA:82,2
LF:15
LH:15
BRDA:29,1,0,9
BRDA:29,1,1,1
BRDA:38,2,0,3
BRDA:38,2,1,1
BRDA:46,3,0,3
BRDA:46,3,1,2
BRDA:56,4,0,1
BRDA:56,4,1,2
BRDA:78,5,0,1
BRDA:78,5,1,10
BRF:10
BRH:10
end_of_record
TN:
SF:/Users/marti/Documents/a/Blockchain/Group12/blockchain/contracts/RentableBook.sol
FN:35,constructor
FN:47,onlyAuthorized
FN:67,createRentableBook
FN:89,borrowBook
FN:124,returnBook
FN:159,returnOverdueBook
FN:202,rateBook
FN:211,setReturnerRewardPercentage
FN:222,getFullBookData
FNF:9
FNH:9
FNDA:233,constructor
FNDA:96,onlyAuthorized
FNDA:187,createRentableBook
FNDA:46,borrowBook
FNDA:22,returnBook
FNDA:6,returnOverdueBook
FNDA:10,rateBook
FNDA:4,setReturnerRewardPercentage
FNDA:51,getFullBookData
DA:36,233
DA:48,96
DA:52,88
DA:68,187
DA:70,186
DA:71,186
DA:72,186
DA:74,186
DA:81,186
DA:82,186
DA:90,46
DA:91,44
DA:95,43
DA:97,43
DA:100,42
DA:103,42
DA:106,42
DA:107,42
DA:110,42
DA:113,42
DA:114,1
DA:117,42
DA:125,22
DA:127,22
DA:130,22
DA:132,22
DA:133,22
DA:136,22
DA:137,22
DA:140,22
DA:143,22
DA:144,8
DA:148,22
DA:149,21
DA:152,22
DA:160,6
DA:161,6
DA:164,5
DA:166,5
DA:167,5
DA:170,5
DA:171,5
DA:174,5
DA:176,5
DA:177,4
DA:181,5
DA:183,4
DA:184,4
DA:187,4
DA:190,4
DA:192,4
DA:203,10
DA:204,9
DA:212,4
DA:213,3
DA:223,51
DA:224,51
DA:225,51
LF:58
LH:58
BRDA:48,1,0,88
BRDA:48,1,1,8
BRDA:67,2,0,187
BRDA:67,2,1,1
BRDA:68,3,0,186
BRDA:68,3,1,1
BRDA:89,4,0,46
BRDA:89,4,1,3
BRDA:90,5,0,44
BRDA:90,5,1,2
BRDA:91,6,0,43
BRDA:91,6,1,1
BRDA:97,7,0,42
BRDA:97,7,1,1
BRDA:113,8,0,1
BRDA:113,8,1,41
BRDA:124,9,0,22
BRDA:124,9,1,2
BRDA:143,10,0,8
BRDA:143,10,1,14
BRDA:148,11,0,21
BRDA:148,11,1,1
BRDA:159,12,0,6
BRDA:159,12,1,1
BRDA:161,13,0,5
BRDA:161,13,1,1
BRDA:176,14,0,4
BRDA:176,14,1,1
BRDA:181,15,0,4
BRDA:181,15,1,1
BRDA:202,16,0,10
BRDA:202,16,1,1
BRDA:203,17,0,9
BRDA:203,17,1,1
BRDA:211,18,0,4
BRDA:211,18,1,1
BRDA:212,19,0,3
BRDA:212,19,1,1
BRF:38
BRH:38
end_of_record
TN:
SF:/Users/marti/Documents/a/Blockchain/Group12/blockchain/contracts/SellableBook.sol
FN:36,constructor
FN:40,onlyAuthorized
FN:59,createSellableBook
FN:80,buyBook
FN:116,rateBook
FN:128,getFullBookData
FNF:6
FNH:6
FNDA:233,constructor
FNDA:21,onlyAuthorized
FNDA:89,createSellableBook
FNDA:14,buyBook
FNDA:5,rateBook
FNDA:6,getFullBookData
DA:37,233
DA:41,21
DA:45,19
DA:60,89
DA:63,88
DA:64,88
DA:65,88
DA:67,88
DA:72,88
DA:73,88
DA:81,14
DA:82,14
DA:83,13
DA:85,12
DA:86,12
DA:88,11
DA:91,11
DA:94,11
DA:97,11
DA:100,11
DA:103,11
DA:104,1
DA:107,11
DA:117,5
DA:118,4
DA:129,6
DA:130,6
DA:131,6
LF:28
LH:28
BRDA:41,1,0,19
BRDA:41,1,1,2
BRDA:59,2,0,89
BRDA:59,2,1,3
BRDA:60,3,0,88
BRDA:60,3,1,1
BRDA:80,4,0,14
BRDA:80,4,1,1
BRDA:82,5,0,13
BRDA:82,5,1,1
BRDA:83,6,0,12
BRDA:83,6,1,1
BRDA:86,7,0,11
BRDA:86,7,1,1
BRDA:103,8,0,1
BRDA:103,8,1,10
BRDA:116,9,0,5
BRDA:116,9,1,1
BRDA:117,10,0,4
BRDA:117,10,1,1
BRF:20
BRH:20
end_of_record
TN:
SF:/Users/marti/Documents/a/Blockchain/Group12/blockchain/contracts/User.sol
FN:46,addAuthorizedContract
FN:50,isAuthorizedContract
FN:54,constructor
FN:56,onlyAuthorizedOrOwner
FN:65,onlyRegistered
FN:73,registerUser
FN:88,checkIfSpam
FN:113,addSystemOwner
FN:124,removeSystemOwner
FN:136,decreaseTrustLevel
FN:167,unbanUser
FN:181,isSystemOwner
FN:190,isRegistered
FN:199,isBanned
FN:207,banUser
FN:223,getTrustLevel
FN:231,getSystemOwnerCount
FN:239,getAllUsers
FN:247,totalUsers
FN:252,_incrementSystemOwnerCount
FN:256,_decrementSystemOwnerCount
FNF:21
FNH:21
FNDA:1155,addAuthorizedContract
FNDA:122,isAuthorizedContract
FNDA:231,constructor
FNDA:1505,onlyAuthorizedOrOwner
FNDA:70,onlyRegistered
FNDA:1003,registerUser
FNDA:389,checkIfSpam
FNDA:395,addSystemOwner
FNDA:8,removeSystemOwner
FNDA:15,decreaseTrustLevel
FNDA:3,unbanUser
FNDA:1341,isSystemOwner
FNDA:1663,isRegistered
FNDA:638,isBanned
FNDA:65,banUser
FNDA:264,getTrustLevel
FNDA:316,getSystemOwnerCount
FNDA:1,getAllUsers
FNDA:1,totalUsers
FNDA:395,_incrementSystemOwnerCount
FNDA:8,_decrementSystemOwnerCount
DA:47,1155
DA:51,122
DA:57,1505
DA:62,1492
DA:66,70
DA:67,68
DA:76,1003
DA:83,1003
DA:85,1003
DA:90,389
DA:91,18
DA:94,371
DA:97,371
DA:98,218
DA:99,218
DA:103,371
DA:104,3
DA:105,3
DA:107,368
DA:115,395
DA:116,395
DA:117,395
DA:126,8
DA:127,8
DA:128,8
DA:140,15
DA:141,15
DA:144,15
DA:145,12
DA:148,3
DA:152,15
DA:154,15
DA:155,4
DA:157,11
DA:160,15
DA:168,3
DA:171,2
DA:173,2
DA:182,1341
DA:191,1663
DA:200,638
DA:209,65
DA:211,64
DA:214,64
DA:216,64
DA:224,264
DA:232,316
DA:240,1
DA:248,1
DA:253,395
DA:257,8
LF:51
LH:51
BRDA:46,1,0,1155
BRDA:46,1,1,2
BRDA:57,2,0,1492
BRDA:57,2,1,13
BRDA:58,3,0,1030
BRDA:58,3,1,462
BRDA:66,4,0,68
BRDA:66,4,1,2
BRDA:73,5,0,1003
BRDA:73,5,1,2
BRDA:90,6,0,18
BRDA:90,6,1,371
BRDA:97,7,0,218
BRDA:97,7,1,153
BRDA:103,8,0,3
BRDA:103,8,1,368
BRDA:113,9,0,395
BRDA:113,9,1,2
BRDA:124,10,0,8
BRDA:124,10,1,2
BRDA:136,11,0,15
BRDA:136,11,1,1
BRDA:144,12,0,12
BRDA:144,12,1,3
BRDA:154,13,0,4
BRDA:154,13,1,11
BRDA:167,14,0,4
BRDA:167,14,1,2
BRDA:167,15,0,3
BRDA:167,15,1,1
BRDA:168,16,0,2
BRDA:168,16,1,1
BRDA:207,17,0,66
BRDA:207,17,1,3
BRDA:207,18,0,65
BRDA:207,18,1,1
BRDA:209,19,0,64
BRDA:209,19,1,1
BRDA:239,20,0,1
BRDA:239,20,1,1
BRF:40
BRH:40
end_of_record
